{"level":"info","message":"Connecting to Mail & Getting Message List"}
{"level":"info","message":"Unseen messages from inbox - 0"}
{"level":"info","message":"Connecting to Mail & Getting Message List"}
{"level":"info","message":"Unseen messages from inbox - 0"}
{"level":"info","message":"Connecting to Mail & Getting Message List"}
{"level":"info","message":"Unseen messages from inbox - 0"}
{"level":"info","message":"Connecting to Mail & Getting Message List"}
{"level":"info","message":"Unseen messages from inbox - 0"}
{"level":"info","message":"Connecting to Mail & Getting Message List"}
{"level":"info","message":"Unseen messages from inbox - 0"}
{"level":"info","message":"Connecting to Mail & Getting Message List"}
{"level":"info","message":"Unseen messages from inbox - 0"}
{"level":"info","message":"Connecting to Mail & Getting Message List"}
{"level":"info","message":"Unseen messages from inbox - 0"}
{"level":"info","message":"Connecting to Mail & Getting Message List"}
{"level":"info","message":"Unseen messages from inbox - 0"}
{"level":"info","message":"Connecting to Mail & Getting Message List"}
{"level":"info","message":"Unseen messages from inbox - 0"}
{"level":"info","message":"Connecting to Mail & Getting Message List"}
{"level":"info","message":"Unseen messages from inbox - 0"}
{"level":"info","message":"Connecting to Mail & Getting Message List"}
{"level":"info","message":"Unseen messages from inbox - 0"}
{"level":"info","message":"Started"}
{"level":"info","message":"Connecting to Mail & Getting Message List"}
{"level":"info","message":"Unseen messages from inbox - 2"}
{"level":"info","message":"Send to Oracle -> {\"serialNumber\":\"NVT2Z01616\",\"taskType\":\"Toner\",\"taskSummary\":\"printfleet:tonerlevel:6.00%\",\"contactNumber\":\"8617746826\",\"contactEmail\":\": Avirup.Majumdar@mjunction.in\",\"emailSubject\":\"mahadeva5\",\"emailFrom\":\"Hrutik Sunkad - Bangalore- Management Trainee <Hrutik.Sunkad@wepsol.com>\",\"emailTo\":\"Hrutik Sunkad - Bangalore- Management Trainee <Hrutik.Sunkad@wepsol.com>\",\"emailCc\":null,\"emailBcc\":null,\"problemCode\":null,\"pfleetGroup\":\": WeP Solutions Ltd\",\"contactPerson\":\"Avirup Majumdar\",\"pfleetTonerLevel\":null}"}
{"level":"error"}
{"level":"info","message":"Connecting to Mail & Getting Message List"}
{"level":"info","message":"Unseen messages from inbox - 1"}
{"level":"info","message":"Send to Oracle -> {\"serialNumber\":\"NVT2Z01616\",\"taskType\":\"Toner\",\"taskSummary\":\"printfleet:tonerlevel:6.00%\",\"contactNumber\":\"8617746826\",\"contactEmail\":\": Avirup.Majumdar@mjunction.in\",\"emailSubject\":\"mahadeva5\",\"emailFrom\":\"Hrutik Sunkad - Bangalore- Management Trainee <Hrutik.Sunkad@wepsol.com>\",\"emailTo\":\"Hrutik Sunkad - Bangalore- Management Trainee <Hrutik.Sunkad@wepsol.com>\",\"emailCc\":null,\"emailBcc\":null,\"problemCode\":null,\"pfleetGroup\":\": WeP Solutions Ltd\",\"contactPerson\":\"Avirup Majumdar\",\"pfleetTonerLevel\":null}"}
{"level":"info","message":"Saved -> {\"P_PARSING_FOLDER\":\"PARSED_UNSUCCESS\",\"P_STATUS_CODE\":\"X\",\"P_STATUS_DESC\":\"SamedayDuplicateRequest\"}"}
{"level":"info","message":"Moved to PARSED_UNSUCCESS"}
{"level":"info","message":"Connecting to Mail & Getting Message List"}
{"level":"info","message":"Unseen messages from inbox - 0"}
{"level":"info","message":"Connecting to Mail & Getting Message List"}
{"level":"info","message":"Unseen messages from inbox - 0"}
{"level":"info","message":"Connecting to Mail & Getting Message List"}
{"level":"info","message":"Unseen messages from inbox - 0"}
{"level":"info","message":"Connecting to Mail & Getting Message List"}
{"level":"info","message":"Unseen messages from inbox - 0"}
{"level":"info","message":"Connecting to Mail & Getting Message List"}
{"level":"info","message":"Unseen messages from inbox - 0"}
{"level":"info","message":"Connecting to Mail & Getting Message List"}
{"level":"info","message":"Unseen messages from inbox - 0"}
{"level":"info","message":"Connecting to Mail & Getting Message List"}
{"level":"info","message":"Unseen messages from inbox - 0"}
{"level":"info","message":"Started"}
{"level":"info","message":"Connecting to Mail & Getting Message List"}
{"level":"info","message":"Unseen messages from inbox - 1"}
{"level":"info","message":"Send to Oracle -> {\"serialNumber\":\"NVT2Z01616\",\"taskType\":\"Toner\",\"taskSummary\":\"printfleet:tonerlevel:6.00%\",\"contactNumber\":\"8617746826\",\"contactEmail\":\": Avirup.Majumdar@mjunction.in\",\"emailSubject\":\"mahadeva8\",\"emailFrom\":\"Hrutik Sunkad - Bangalore- Management Trainee <Hrutik.Sunkad@wepsol.com>\",\"emailTo\":\"Hrutik Sunkad - Bangalore- Management Trainee <Hrutik.Sunkad@wepsol.com>\",\"emailCc\":null,\"emailBcc\":null,\"problemCode\":null,\"pfleetGroup\":\": WeP Solutions Ltd\",\"contactPerson\":\"Avirup Majumdar\",\"pfleetTonerLevel\":null}"}
{"level":"info","message":"Saved -> {\"P_PARSING_FOLDER\":\"PARSED_UNSUCCESS\",\"P_STATUS_CODE\":\"X\",\"P_STATUS_DESC\":\"SamedayDuplicateRequest\"}"}
{"level":"info","message":"Moved to PARSED_UNSUCCESS"}
{"level":"info","message":"Connecting to Mail & Getting Message List"}
{"level":"info","message":"Unseen messages from inbox - 0"}
{"level":"info","message":"Connecting to Mail & Getting Message List"}
{"level":"info","message":"Unseen messages from inbox - 0"}
{"level":"info","message":"Connecting to Mail & Getting Message List"}
{"level":"info","message":"Unseen messages from inbox - 0"}
{"level":"info","message":"Connecting to Mail & Getting Message List"}
{"level":"info","message":"Unseen messages from inbox - 0"}
{"level":"info","message":"Connecting to Mail & Getting Message List"}
{"level":"info","message":"Unseen messages from inbox - 0"}
{"level":"info","message":"Connecting to Mail & Getting Message List"}
{"level":"info","message":"Unseen messages from inbox - 0"}
{"level":"info","message":"Connecting to Mail & Getting Message List"}
{"level":"info","message":"Unseen messages from inbox - 0"}
{"level":"info","message":"Connecting to Mail & Getting Message List"}
{"level":"info","message":"Unseen messages from inbox - 0"}
{"level":"info","message":"Connecting to Mail & Getting Message List"}
{"level":"info","message":"Unseen messages from inbox - 0"}
{"level":"info","message":"Connecting to Mail & Getting Message List"}
{"level":"info","message":"Unseen messages from inbox - 0"}
{"level":"info","message":"Connecting to Mail & Getting Message List"}
{"level":"info","message":"Unseen messages from inbox - 0"}
{"level":"info","message":"Connecting to Mail & Getting Message List"}
{"level":"info","message":"Unseen messages from inbox - 0"}
{"level":"info","message":"Connecting to Mail & Getting Message List"}
{"level":"info","message":"Unseen messages from inbox - 0"}
{"level":"info","message":"Connecting to Mail & Getting Message List"}
{"level":"info","message":"Unseen messages from inbox - 0"}
{"level":"info","message":"Connecting to Mail & Getting Message List"}
{"level":"info","message":"Unseen messages from inbox - 0"}
{"level":"info","message":"Connecting to Mail & Getting Message List"}
{"level":"info","message":"Unseen messages from inbox - 0"}
{"level":"info","message":"Connecting to Mail & Getting Message List"}
{"level":"info","message":"Unseen messages from inbox - 0"}
{"level":"info","message":"Connecting to Mail & Getting Message List"}
{"level":"info","message":"Unseen messages from inbox - 0"}
{"level":"info","message":"Connecting to Mail & Getting Message List"}
{"level":"info","message":"Unseen messages from inbox - 0"}
{"level":"info","message":"Connecting to Mail & Getting Message List"}
{"level":"info","message":"Unseen messages from inbox - 0"}
{"level":"info","message":"Started"}
{"level":"info","message":"Connecting to Mail & Getting Message List"}
{"level":"info","message":"Unseen messages from inbox - 1"}
{"level":"info","message":"Send to Oracle -> {\"serialNumber\":\"VYD8104829\",\"taskType\":null,\"taskSummary\":\"printfleet:tonerlevel:undefined\",\"contactNumber\":null,\"contactEmail\":null,\"emailSubject\":\"PRINT_FLEET_REQUEST\",\"emailFrom\":\"Hrutik Sunkad - Bangalore- Management Trainee <Hrutik.Sunkad@wepsol.com>\",\"emailTo\":\"Hrutik Sunkad - Bangalore- Management Trainee <Hrutik.Sunkad@wepsol.com>\",\"emailCc\":null,\"emailBcc\":null,\"problemCode\":\"COLOR\",\"pfleetGroup\":null,\"contactPerson\":\"\",\"pfleetTonerLevel\":\"Black\"}"}
{"level":"info","message":"Saved -> {\"P_PARSING_FOLDER\":\"PARSED_UNSUCCESS\",\"P_STATUS_CODE\":\"X\",\"P_STATUS_DESC\":\"InvalidTaskType\"}"}
{"level":"info","message":"Moved to PARSED_UNSUCCESS"}
{"level":"info","message":"Connecting to Mail & Getting Message List"}
{"level":"info","message":"Unseen messages from inbox - 0"}
{"level":"info","message":"Connecting to Mail & Getting Message List"}
{"level":"info","message":"Unseen messages from inbox - 0"}
{"level":"info","message":"Connecting to Mail & Getting Message List"}
{"level":"info","message":"Unseen messages from inbox - 0"}
{"level":"info","message":"Connecting to Mail & Getting Message List"}
{"level":"info","message":"Unseen messages from inbox - 0"}
{"level":"info","message":"Connecting to Mail & Getting Message List"}
{"level":"info","message":"Unseen messages from inbox - 0"}
{"level":"info","message":"Connecting to Mail & Getting Message List"}
{"level":"info","message":"Unseen messages from inbox - 0"}
{"level":"info","message":"Connecting to Mail & Getting Message List"}
{"level":"info","message":"Unseen messages from inbox - 0"}
{"level":"info","message":"Connecting to Mail & Getting Message List"}
{"level":"info","message":"Unseen messages from inbox - 0"}
{"level":"info","message":"Connecting to Mail & Getting Message List"}
{"level":"info","message":"Unseen messages from inbox - 0"}
{"level":"info","message":"Connecting to Mail & Getting Message List"}
{"level":"info","message":"Unseen messages from inbox - 0"}
{"level":"info","message":"Connecting to Mail & Getting Message List"}
{"level":"info","message":"Unseen messages from inbox - 0"}
{"level":"info","message":"Connecting to Mail & Getting Message List"}
{"level":"info","message":"Unseen messages from inbox - 0"}
{"level":"info","message":"Connecting to Mail & Getting Message List"}
{"level":"info","message":"Unseen messages from inbox - 0"}
{"level":"info","message":"Connecting to Mail & Getting Message List"}
{"level":"info","message":"Unseen messages from inbox - 0"}
{"level":"info","message":"Connecting to Mail & Getting Message List"}
{"level":"info","message":"Unseen messages from inbox - 0"}
{"level":"info","message":"Connecting to Mail & Getting Message List"}
{"level":"info","message":"Unseen messages from inbox - 0"}
{"level":"info","message":"Connecting to Mail & Getting Message List"}
{"level":"info","message":"Unseen messages from inbox - 0"}
{"level":"info","message":"Connecting to Mail & Getting Message List"}
{"level":"info","message":"Unseen messages from inbox - 0"}
{"level":"info","message":"Connecting to Mail & Getting Message List"}
{"level":"info","message":"Unseen messages from inbox - 0"}
{"level":"info","message":"Connecting to Mail & Getting Message List"}
{"level":"info","message":"Unseen messages from inbox - 0"}
{"level":"info","message":"Connecting to Mail & Getting Message List"}
{"level":"info","message":"Unseen messages from inbox - 0"}
