{"level":"info","message":"Started"}
{"level":"info","message":"Connecting to Mail & Getting Message List"}
{"level":"info","message":"Unseen messages from inbox - 0"}
{"level":"info","message":"Connecting to Mail & Getting Message List"}
{"level":"info","message":"Unseen messages from inbox - 0"}
{"level":"info","message":"Connecting to Mail & Getting Message List"}
{"level":"info","message":"Unseen messages from inbox - 0"}
{"level":"info","message":"Connecting to Mail & Getting Message List"}
{"level":"info","message":"Unseen messages from inbox - 0"}
{"level":"info","message":"Connecting to Mail & Getting Message List"}
{"level":"info","message":"Unseen messages from inbox - 0"}
{"level":"info","message":"Connecting to Mail & Getting Message List"}
{"level":"info","message":"Unseen messages from inbox - 0"}
{"level":"info","message":"Connecting to Mail & Getting Message List"}
{"level":"info","message":"Unseen messages from inbox - 0"}
{"level":"info","message":"Connecting to Mail & Getting Message List"}
{"level":"info","message":"Unseen messages from inbox - 0"}
{"level":"info","message":"Connecting to Mail & Getting Message List"}
{"level":"info","message":"Unseen messages from inbox - 0"}
{"level":"info","message":"Connecting to Mail & Getting Message List"}
{"level":"info","message":"Unseen messages from inbox - 0"}
{"level":"info","message":"Connecting to Mail & Getting Message List"}
{"level":"info","message":"Unseen messages from inbox - 0"}
{"level":"info","message":"Connecting to Mail & Getting Message List"}
{"level":"info","message":"Unseen messages from inbox - 0"}
{"level":"info","message":"Connecting to Mail & Getting Message List"}
{"level":"info","message":"Unseen messages from inbox - 0"}
{"level":"info","message":"Connecting to Mail & Getting Message List"}
{"level":"info","message":"Unseen messages from inbox - 1"}
{"level":"info","message":"Send to Oracle -> {\"serialNumber\":\"\",\"taskType\":\"\",\"taskSummary\":\"\",\"contactNumber\":\"\",\"contactEmail\":\"\",\"emailSubject\":\"Automatic reply: Reg - Printer Termination\",\"emailFrom\":\"Supriya Pandey - Bangalore - MPS <Pandey.Supriya@wepsol.com>\",\"emailTo\":\"PNS Call Centre <pns.blrcc@wepsol.com>\",\"emailCc\":null,\"emailBcc\":null,\"problemCode\":null,\"pfleetGroup\":null,\"contactPerson\":\"\",\"pfleetTonerLevel\":null}"}
{"level":"info","message":"Saved -> {\"P_PARSING_FOLDER\":\"PARSED_UNSUCCESS\",\"P_STATUS_CODE\":\"X\",\"P_STATUS_DESC\":\"InvalidSerialNumber\"}"}
{"level":"info","message":"Moved to PARSED_UNSUCCESS"}
{"level":"info","message":"Connecting to Mail & Getting Message List"}
{"level":"info","message":"Unseen messages from inbox - 1"}
{"level":"info","message":"Connecting to Mail & Getting Message List"}
{"level":"info","message":"Unseen messages from inbox - 0"}
{"level":"info","message":"Connecting to Mail & Getting Message List"}
{"level":"info","message":"Unseen messages from inbox - 1"}
{"level":"info","message":"Send to Oracle -> {\"serialNumber\":\"IP ADDRESS\",\"taskType\":\"\",\"taskSummary\":\"\",\"contactNumber\":\"\",\"contactEmail\":\"\",\"emailSubject\":\"Need to terminate HDFC Sales printer count 16\",\"emailFrom\":\"Satish Shinde-RC2HDFC-Mumbai-Customer Support <rc2.hdfc@wepsol.com>\",\"emailTo\":\"Chandrakanth Khandelwal - Mumbai - Sales <Chandrakanth.Khandelwal@wepsol.com>, PNS Call Centre <pns.blrcc@wepsol.com>\",\"emailCc\":\"Anil - Mumbai - Commercial <Commercial.Mumbai@wepsol.com>, Nilesh P Ahire-RC1HDFC - Mumbai - Customer Support <RC.HDFC@wepsol.com>\",\"emailBcc\":null,\"problemCode\":null,\"pfleetGroup\":null,\"contactPerson\":\"\",\"pfleetTonerLevel\":null}"}
{"level":"info","message":"Saved -> {\"P_PARSING_FOLDER\":\"PARSED_UNSUCCESS\",\"P_STATUS_CODE\":\"X\",\"P_STATUS_DESC\":\"InvalidSerialNumber\"}"}
{"level":"info","message":"Moved to PARSED_UNSUCCESS"}
{"level":"info","message":"Connecting to Mail & Getting Message List"}
{"level":"info","message":"Unseen messages from inbox - 0"}
{"level":"info","message":"Connecting to Mail & Getting Message List"}
{"level":"info","message":"Unseen messages from inbox - 0"}
{"level":"info","message":"Connecting to Mail & Getting Message List"}
{"level":"info","message":"Unseen messages from inbox - 0"}
{"level":"info","message":"Connecting to Mail & Getting Message List"}
{"level":"info","message":"Unseen messages from inbox - 0"}
{"level":"info","message":"Connecting to Mail & Getting Message List"}
{"level":"info","message":"Unseen messages from inbox - 0"}
{"level":"info","message":"Connecting to Mail & Getting Message List"}
{"level":"info","message":"Unseen messages from inbox - 0"}
{"level":"info","message":"Connecting to Mail & Getting Message List"}
{"level":"info","message":"Unseen messages from inbox - 0"}
