{"level":"info","message":"Started"}
{"level":"info","message":"Connecting to Mail & Getting Message List"}
{"level":"info","message":"Unseen messages from inbox - 5"}
{"level":"info","message":"Send to Oracle -> {\"serialNumber\":\"VY92X06375\",\"taskType\":\"Toner\",\"taskSummary\":\"printcounter:tonerlevel:Level:\",\"contactNumber\":\"8617746826\",\"contactEmail\":\"Avirup.Majumdar@mjunction.in\",\"emailSubject\":\"Warning Alert:  Toner Low   , Printer: ECOSYS M2640idw\",\"emailFrom\":\"printercounters@gmail.com\",\"emailTo\":\"lingaraju.s@wepsol.com, HrutikS@wepsol.com, pns.blrcc@wepsol.com\",\"emailCc\":null,\"emailBcc\":null,\"problemCode\":null,\"pfleetGroup\":null,\"contactPerson\":\"Avirup Majumdar\",\"pfleetTonerLevel\":null}"}
{"errorNum":12170,"level":"error","offset":0}
{"level":"info","message":"Send to Oracle -> {\"serialNumber\":\"\",\"taskType\":\"\",\"taskSummary\":\"\",\"contactNumber\":\"\",\"contactEmail\":\"\",\"emailSubject\":\"You have late tasks\",\"emailFrom\":\"Microsoft on behalf of your organization <noreply@planner.office365.com>\",\"emailTo\":\"Hrutik.Sunkad@wepsol.com\",\"emailCc\":null,\"emailBcc\":null,\"problemCode\":null,\"pfleetGroup\":null,\"contactPerson\":\"\",\"pfleetTonerLevel\":null}"}
{"errorNum":12170,"level":"error","offset":0}
{"level":"info","message":"Send to Oracle -> {\"serialNumber\":\"\",\"taskType\":\"\",\"taskSummary\":\"\",\"contactNumber\":\"\",\"contactEmail\":\"\",\"emailSubject\":\"Process Communication: EMailAutomation-Enhancement-Enabled PrintCounter (New Vendor Template) Toner Notifications\",\"emailFrom\":\"Hrutik-Trainee -Software Engineer <Hrutik.Sunkad@wepsol.com>\",\"emailTo\":\"Lingaraju S - Corporate - Client Services <Lingaraju.S@wepsol.com>, PNS Call Centre <pns.blrcc@wepsol.com>\",\"emailCc\":\"SV Ramana – Corporate – Technical Services <SV.Ramanakumar@wepsol.com>, Amit Singh - Corporate - Managed Services <Amit.singh@wepsol.com>, Kamlesh Gupta – Corporate- Customer Support <Kamlesh.Gupta@wepsol.com>, Sandeep Kumar Goyal - Corporate - Fina\",\"emailBcc\":null,\"problemCode\":null,\"pfleetGroup\":null,\"contactPerson\":\"\",\"pfleetTonerLevel\":null}"}
{"errorNum":12170,"level":"error","offset":0}
{"level":"info","message":"Send to Oracle -> {\"serialNumber\":\"\",\"taskType\":\"\",\"taskSummary\":\"\",\"contactNumber\":\"\",\"contactEmail\":\"\",\"emailSubject\":\"Undeliverable: code\",\"emailFrom\":\"Microsoft Outlook <MicrosoftExchange329e71ec88ae4615bbc36ab6ce41109e@wepsol.com>\",\"emailTo\":\"Hrutik.Sunkad@wepsol.com\",\"emailCc\":null,\"emailBcc\":null,\"problemCode\":null,\"pfleetGroup\":null,\"contactPerson\":\"\",\"pfleetTonerLevel\":null}"}
{"errorNum":12170,"level":"error","offset":0}
{"level":"info","message":"Send to Oracle -> {\"serialNumber\":\"V4G6605412\",\"taskType\":\"Support\",\"taskSummary\":\"Machine failure\",\"contactNumber\":\"1111111111\",\"contactEmail\":\"snikdha.baruah@kotak.com<mailto:snikdha.baruah@kotak.com>\",\"emailSubject\":\"Fw: BG1E Printer issue\",\"emailFrom\":\"Hrutik-Trainee -Software Engineer <Hrutik.Sunkad@wepsol.com>\",\"emailTo\":\"Hrutik-Trainee -Software Engineer <Hrutik.Sunkad@wepsol.com>\",\"emailCc\":null,\"emailBcc\":null,\"problemCode\":null,\"pfleetGroup\":null,\"contactPerson\":\"PNS CC\",\"pfleetTonerLevel\":null}"}
{"errorNum":12170,"level":"error","offset":0}
{"level":"info","message":"Started"}
{"level":"info","message":"Connecting to Mail & Getting Message List"}
{"level":"info","message":"Unseen messages from inbox - 8"}
{"level":"info","message":"Send to Oracle -> {\"serialNumber\":\"VY92X06375\",\"taskType\":\"Toner\",\"taskSummary\":\"printcounter:tonerlevel:Level:\",\"contactNumber\":\"8617746826\",\"contactEmail\":\"Avirup.Majumdar@mjunction.in\",\"emailSubject\":\"Warning Alert:  Toner Low   , Printer: ECOSYS M2640idw\",\"emailFrom\":\"printercounters@gmail.com\",\"emailTo\":\"lingaraju.s@wepsol.com, HrutikS@wepsol.com, pns.blrcc@wepsol.com\",\"emailCc\":null,\"emailBcc\":null,\"problemCode\":null,\"pfleetGroup\":null,\"contactPerson\":\"Avirup Majumdar\",\"pfleetTonerLevel\":null}"}
{"errorNum":12170,"level":"error","offset":0}
{"level":"info","message":"Send to Oracle -> {\"serialNumber\":\"VY92X06375\",\"taskType\":\"Toner\",\"taskSummary\":\"printcounter:tonerlevel:Level:\",\"contactNumber\":\"8617746826\",\"contactEmail\":\"Avirup.Majumdar@mjunction.in\",\"emailSubject\":\"Warning Alert:  Toner Low   , Printer: ECOSYS M2640idw\",\"emailFrom\":\"printercounters@gmail.com\",\"emailTo\":\"lingaraju.s@wepsol.com, HrutikS@wepsol.com, pns.blrcc@wepsol.com\",\"emailCc\":null,\"emailBcc\":null,\"problemCode\":null,\"pfleetGroup\":null,\"contactPerson\":\"Avirup Majumdar\",\"pfleetTonerLevel\":null}"}
{"errorNum":12170,"level":"error","offset":0}
{"level":"info","message":"Send to Oracle -> {\"serialNumber\":\"VY91203315\",\"taskType\":\"Toner\",\"taskSummary\":\"printcounter:tonerlevel:Level:\",\"contactNumber\":\"8617746826\",\"contactEmail\":\"Avirup.Majumdar@mjunction.in\",\"emailSubject\":\"Warning Alert:  Toner Low   , Printer: ECOSYS M2640idw\",\"emailFrom\":\"printercounters@gmail.com\",\"emailTo\":\"lingaraju.s@wepsol.com, HrutikS@wepsol.com, pns.blrcc@wepsol.com\",\"emailCc\":null,\"emailBcc\":null,\"problemCode\":null,\"pfleetGroup\":null,\"contactPerson\":\"Avirup Majumdar\",\"pfleetTonerLevel\":null}"}
{"errorNum":12170,"level":"error","offset":0}
{"level":"info","message":"Send to Oracle -> {\"serialNumber\":\"VY92X06375\",\"taskType\":\"Toner\",\"taskSummary\":\"printcounter:tonerlevel:Level:\",\"contactNumber\":\"8617746826\",\"contactEmail\":\"Avirup.Majumdar@mjunction.in\",\"emailSubject\":\"Warning Alert:  Toner Low   , Printer: ECOSYS M2640idw\",\"emailFrom\":\"printercounters@gmail.com\",\"emailTo\":\"lingaraju.s@wepsol.com, HrutikS@wepsol.com, pns.blrcc@wepsol.com\",\"emailCc\":null,\"emailBcc\":null,\"problemCode\":null,\"pfleetGroup\":null,\"contactPerson\":\"Avirup Majumdar\",\"pfleetTonerLevel\":null}"}
{"errorNum":12170,"level":"error","offset":0}
{"level":"info","message":"Send to Oracle -> {\"serialNumber\":\"\",\"taskType\":\"\",\"taskSummary\":\"\",\"contactNumber\":\"\",\"contactEmail\":\"\",\"emailSubject\":\"You have late tasks\",\"emailFrom\":\"Microsoft on behalf of your organization <noreply@planner.office365.com>\",\"emailTo\":\"Hrutik.Sunkad@wepsol.com\",\"emailCc\":null,\"emailBcc\":null,\"problemCode\":null,\"pfleetGroup\":null,\"contactPerson\":\"\",\"pfleetTonerLevel\":null}"}
{"errorNum":12170,"level":"error","offset":0}
{"level":"info","message":"Send to Oracle -> {\"serialNumber\":\"\",\"taskType\":\"\",\"taskSummary\":\"\",\"contactNumber\":\"\",\"contactEmail\":\"\",\"emailSubject\":\"Process Communication: EMailAutomation-Enhancement-Enabled PrintCounter (New Vendor Template) Toner Notifications\",\"emailFrom\":\"Hrutik-Trainee -Software Engineer <Hrutik.Sunkad@wepsol.com>\",\"emailTo\":\"Lingaraju S - Corporate - Client Services <Lingaraju.S@wepsol.com>, PNS Call Centre <pns.blrcc@wepsol.com>\",\"emailCc\":\"SV Ramana – Corporate – Technical Services <SV.Ramanakumar@wepsol.com>, Amit Singh - Corporate - Managed Services <Amit.singh@wepsol.com>, Kamlesh Gupta – Corporate- Customer Support <Kamlesh.Gupta@wepsol.com>, Sandeep Kumar Goyal - Corporate - Fina\",\"emailBcc\":null,\"problemCode\":null,\"pfleetGroup\":null,\"contactPerson\":\"\",\"pfleetTonerLevel\":null}"}
{"errorNum":12170,"level":"error","offset":0}
{"level":"info","message":"Send to Oracle -> {\"serialNumber\":\"\",\"taskType\":\"\",\"taskSummary\":\"\",\"contactNumber\":\"\",\"contactEmail\":\"\",\"emailSubject\":\"Undeliverable: code\",\"emailFrom\":\"Microsoft Outlook <MicrosoftExchange329e71ec88ae4615bbc36ab6ce41109e@wepsol.com>\",\"emailTo\":\"Hrutik.Sunkad@wepsol.com\",\"emailCc\":null,\"emailBcc\":null,\"problemCode\":null,\"pfleetGroup\":null,\"contactPerson\":\"\",\"pfleetTonerLevel\":null}"}
{"errorNum":12170,"level":"error","offset":0}
{"level":"info","message":"Send to Oracle -> {\"serialNumber\":\"V4G6605412\",\"taskType\":\"Support\",\"taskSummary\":\"Machine failure\",\"contactNumber\":\"1111111111\",\"contactEmail\":\"snikdha.baruah@kotak.com<mailto:snikdha.baruah@kotak.com>\",\"emailSubject\":\"Fw: BG1E Printer issue\",\"emailFrom\":\"Hrutik-Trainee -Software Engineer <Hrutik.Sunkad@wepsol.com>\",\"emailTo\":\"Hrutik-Trainee -Software Engineer <Hrutik.Sunkad@wepsol.com>\",\"emailCc\":null,\"emailBcc\":null,\"problemCode\":null,\"pfleetGroup\":null,\"contactPerson\":\"PNS CC\",\"pfleetTonerLevel\":null}"}
{"errorNum":12170,"level":"error","offset":0}
