{"level":"info","message":"Started"}
{"level":"info","message":"Connecting to Mail & Getting Message List"}
{"level":"info","message":"Unseen messages from inbox - 0"}
{"level":"info","message":"Connecting to Mail & Getting Message List"}
{"level":"info","message":"Unseen messages from inbox - 0"}
{"level":"info","message":"Connecting to Mail & Getting Message List"}
{"level":"info","message":"Unseen messages from inbox - 0"}
{"level":"info","message":"Connecting to Mail & Getting Message List"}
{"level":"info","message":"Unseen messages from inbox - 0"}
{"level":"info","message":"Connecting to Mail & Getting Message List"}
{"level":"info","message":"Unseen messages from inbox - 0"}
{"level":"info","message":"Started"}
{"level":"info","message":"Connecting to Mail & Getting Message List"}
{"level":"info","message":"Unseen messages from inbox - 0"}
{"level":"info","message":"Connecting to Mail & Getting Message List"}
{"level":"info","message":"Unseen messages from inbox - 0"}
{"level":"info","message":"Connecting to Mail & Getting Message List"}
{"level":"info","message":"Unseen messages from inbox - 1"}
{"level":"info","message":"Send to Oracle -> {\"serialNumber\":\"VNC4L49318\",\"taskType\":\"Toner\",\"taskSummary\":\"printfleet:tonerlevel:30%\",\"contactNumber\":\"8295041730\",\"contactEmail\":\"117384@aubank.in\",\"emailSubject\":\"PRINT_FLEET_REQUEST\",\"emailFrom\":\"Support <do-not-reply@printfleet.com>\",\"emailTo\":\"pns.blrcc@wepsol.com, RC1.auf@wepsol.com, RC2.AUF@wepsol.com\",\"emailCc\":null,\"emailBcc\":null,\"problemCode\":\"BLACK\",\"pfleetGroup\":\"Root Group > AU SMALL FINANCE BANK LIMITED\",\"contactPerson\":\"\",\"pfleetTonerLevel\":\"Black 30%\"}"}
{"level":"error"}
{"level":"info","message":"Started"}
{"level":"info","message":"Connecting to Mail & Getting Message List"}
{"level":"info","message":"Unseen messages from inbox - 0"}
{"level":"info","message":"Connecting to Mail & Getting Message List"}
{"level":"info","message":"Unseen messages from inbox - 0"}
{"level":"info","message":"Connecting to Mail & Getting Message List"}
{"level":"info","message":"Unseen messages from inbox - 0"}
{"level":"info","message":"Connecting to Mail & Getting Message List"}
{"level":"info","message":"Unseen messages from inbox - 0"}
{"level":"info","message":"Connecting to Mail & Getting Message List"}
{"level":"info","message":"Unseen messages from inbox - 1"}
{"level":"info","message":"Send to Oracle -> {\"serialNumber\":\"VYB2496460\",\"taskType\":\"Toner\",\"taskSummary\":\"printfleet:tonerlevel:30%\",\"contactNumber\":\"8007992713\",\"contactEmail\":\"186348@aubank.in\",\"emailSubject\":\"PRINT_FLEET_REQUEST\",\"emailFrom\":\"Support <do-not-reply@printfleet.com>\",\"emailTo\":\"pns.blrcc@wepsol.com, RC1.auf@wepsol.com, RC2.AUF@wepsol.com\",\"emailCc\":null,\"emailBcc\":null,\"problemCode\":\"BLACK\",\"pfleetGroup\":\"Root Group > AU SMALL FINANCE BANK LIMITED\",\"contactPerson\":\"\",\"pfleetTonerLevel\":\"Black 30%\"}"}
{"level":"error"}
{"level":"info","message":"Started"}
{"level":"info","message":"Connecting to Mail & Getting Message List"}
{"level":"info","message":"Unseen messages from inbox - 0"}
{"level":"info","message":"Connecting to Mail & Getting Message List"}
{"level":"info","message":"Unseen messages from inbox - 0"}
{"level":"info","message":"Connecting to Mail & Getting Message List"}
{"level":"info","message":"Unseen messages from inbox - 0"}
{"level":"info","message":"Connecting to Mail & Getting Message List"}
{"level":"info","message":"Unseen messages from inbox - 0"}
{"level":"info","message":"Connecting to Mail & Getting Message List"}
{"level":"info","message":"Unseen messages from inbox - 0"}
{"level":"info","message":"Connecting to Mail & Getting Message List"}
{"level":"info","message":"Unseen messages from inbox - 0"}
{"level":"info","message":"Connecting to Mail & Getting Message List"}
{"level":"info","message":"Unseen messages from inbox - 0"}
{"level":"info","message":"Connecting to Mail & Getting Message List"}
{"level":"info","message":"Unseen messages from inbox - 0"}
{"level":"info","message":"Connecting to Mail & Getting Message List"}
{"level":"info","message":"Unseen messages from inbox - 0"}
{"level":"info","message":"Connecting to Mail & Getting Message List"}
{"level":"info","message":"Unseen messages from inbox - 0"}
{"level":"info","message":"Connecting to Mail & Getting Message List"}
{"level":"info","message":"Unseen messages from inbox - 0"}
{"level":"info","message":"Connecting to Mail & Getting Message List"}
{"level":"info","message":"Unseen messages from inbox - 0"}
{"level":"info","message":"Connecting to Mail & Getting Message List"}
{"level":"info","message":"Unseen messages from inbox - 0"}
{"level":"info","message":"Connecting to Mail & Getting Message List"}
{"level":"info","message":"Unseen messages from inbox - 0"}
{"level":"info","message":"Connecting to Mail & Getting Message List"}
{"level":"info","message":"Unseen messages from inbox - 0"}
{"level":"info","message":"Connecting to Mail & Getting Message List"}
{"level":"info","message":"Unseen messages from inbox - 0"}
{"level":"info","message":"Connecting to Mail & Getting Message List"}
{"level":"info","message":"Unseen messages from inbox - 0"}
{"level":"info","message":"Connecting to Mail & Getting Message List"}
{"level":"info","message":"Unseen messages from inbox - 0"}
{"level":"info","message":"Connecting to Mail & Getting Message List"}
{"level":"info","message":"Unseen messages from inbox - 0"}
{"level":"info","message":"Connecting to Mail & Getting Message List"}
{"level":"info","message":"Unseen messages from inbox - 0"}
{"level":"info","message":"Connecting to Mail & Getting Message List"}
{"level":"info","message":"Unseen messages from inbox - 0"}
{"level":"info","message":"Started"}
{"level":"info","message":"Connecting to Mail & Getting Message List"}
{"level":"info","message":"Unseen messages from inbox - 0"}
{"level":"info","message":"Connecting to Mail & Getting Message List"}
{"level":"info","message":"Unseen messages from inbox - 0"}
{"level":"info","message":"Connecting to Mail & Getting Message List"}
{"level":"info","message":"Unseen messages from inbox - 0"}
{"level":"info","message":"Connecting to Mail & Getting Message List"}
{"level":"info","message":"Unseen messages from inbox - 0"}
{"level":"info","message":"Connecting to Mail & Getting Message List"}
{"level":"info","message":"Unseen messages from inbox - 0"}
{"level":"info","message":"Connecting to Mail & Getting Message List"}
{"level":"info","message":"Unseen messages from inbox - 1"}
{"level":"info","message":"Send to Oracle -> {\"serialNumber\":\"NV S4904021\",\"taskType\":\"Support\",\"taskSummary\":\"Support\",\"contactNumber\":\"9836591919/9265871223\",\"contactEmail\":null,\"emailSubject\":\"RE: URGENT PRINTER SERVIECS\",\"emailFrom\":\"Jitendra Ratilal - Gujarat - Support <CSE.Ahmedabad@wepsol.in>\",\"emailTo\":\"PNS Call Centre <pns.blrcc@wepsol.com>\",\"emailCc\":\"Arnab Ganguly <arnab.ganguly@rasnainternational.com>, Vikram Thakor <vikram@rasnainternational.com>, Gopal Banerjee <gopal.banerjee@rasnainternational.com>, Chandrakanth Khandelwal - Mumbai - Sales <Chandrakanth.Khandelwal@wepsol.com>, Partha Mukher\",\"emailBcc\":null,\"problemCode\":null,\"pfleetGroup\":null,\"contactPerson\":\"\",\"pfleetTonerLevel\":null}"}
{"level":"info","message":"Saved -> {\"P_PARSING_FOLDER\":\"PARSED_UNSUCCESS\",\"P_STATUS_CODE\":\"X\",\"P_STATUS_DESC\":\"InvalidSerialNumber\"}"}
{"level":"info","message":"Moved to PARSED_UNSUCCESS"}
{"level":"info","message":"Connecting to Mail & Getting Message List"}
{"level":"info","message":"Unseen messages from inbox - 0"}
{"level":"info","message":"Connecting to Mail & Getting Message List"}
{"level":"info","message":"Unseen messages from inbox - 0"}
{"level":"info","message":"Connecting to Mail & Getting Message List"}
{"level":"info","message":"Unseen messages from inbox - 0"}
{"level":"info","message":"Connecting to Mail & Getting Message List"}
{"level":"info","message":"Unseen messages from inbox - 0"}
{"level":"info","message":"Connecting to Mail & Getting Message List"}
{"level":"info","message":"Unseen messages from inbox - 0"}
{"level":"info","message":"Connecting to Mail & Getting Message List"}
{"level":"info","message":"Unseen messages from inbox - 0"}
{"level":"info","message":"Connecting to Mail & Getting Message List"}
{"level":"info","message":"Unseen messages from inbox - 0"}
{"level":"info","message":"Connecting to Mail & Getting Message List"}
{"level":"info","message":"Unseen messages from inbox - 0"}
{"level":"info","message":"Connecting to Mail & Getting Message List"}
{"level":"info","message":"Unseen messages from inbox - 1"}
{"level":"info","message":"Send to Oracle -> {\"serialNumber\":\"VYB1Y81253\",\"taskType\":\"toner\",\"taskSummary\":\"TONER\",\"contactNumber\":\"6392466658\",\"contactEmail\":\"suyash.gupta@lichousing.com\",\"emailSubject\":\"TONER\",\"emailFrom\":\"SUYASH GUPTA <SUYASH.GUPTA@lichousing.com>\",\"emailTo\":\"PNS Call Centre <pns.blrcc@wepindia.com>, Mahesh Kumar-Lucknow-Regional Warehouse <WS.LUCKNOW@WEPSOL.COM>\",\"emailCc\":null,\"emailBcc\":null,\"problemCode\":null,\"pfleetGroup\":null,\"contactPerson\":\"SUYASH GUPTA\",\"pfleetTonerLevel\":null}"}
{"level":"info","message":"Saved -> {\"P_PARSING_FOLDER\":\"PARSED_UNSUCCESS\",\"P_STATUS_CODE\":\"X\",\"P_STATUS_DESC\":\"ApprovalRequestInitiated\"}"}
{"body":"{\"code\":\"ErrorItemNotFound\",\"message\":\"The specified object was not found in the store., The process failed to get the correct properties.\"}","code":"ErrorItemNotFound","date":"2023-11-20T09:08:22.360Z","headers":{},"level":"error","requestId":null,"statusCode":404}
{"level":"info","message":"Connecting to Mail & Getting Message List"}
{"level":"info","message":"Unseen messages from inbox - 1"}
{"level":"info","message":"Send to Oracle -> {\"serialNumber\":\"VYB8Y15355\",\"taskType\":\"Toner\",\"taskSummary\":\"Requirement of Toner Cartridge\",\"contactNumber\":\"7207612667\",\"contactEmail\":\"nandan.singh@bfil.co.in<mailto:nandan.singh@bfil.co.in>\",\"emailSubject\":\"Cartridge for  office printer\",\"emailFrom\":\"Nandan Kumar Singh <nandan.singh@bfil.co.in>\",\"emailTo\":\"PNS Call Centre <pns.blrcc@wepsol.com>, PNS Call Centre <pns.blrcc@wepindia.com>, ANURAG VERMA – Lucknow & Bhopal - MPS - Support <Cse.Lucknow@wepsol.in>\",\"emailCc\":\"TECH <TECH@bfil.co.in>\",\"emailBcc\":null,\"problemCode\":null,\"pfleetGroup\":null,\"contactPerson\":\"Nandan Kumar singh\",\"pfleetTonerLevel\":null}"}
{"level":"info","message":"Saved -> {\"P_PARSING_FOLDER\":\"PARSED_UNSUCCESS\",\"P_STATUS_CODE\":\"X\",\"P_STATUS_DESC\":\"Unable to Log the Call for this VYB8Y15355, Please Contact Mr.Zaid Bangalore Support, EMail: ops2exe@wepsol.in (Reference:MPS12410 ,64.1) \"}"}
{"level":"info","message":"Moved to PARSED_UNSUCCESS"}
{"level":"info","message":"Connecting to Mail & Getting Message List"}
{"level":"info","message":"Unseen messages from inbox - 0"}
{"level":"info","message":"Connecting to Mail & Getting Message List"}
{"level":"info","message":"Unseen messages from inbox - 1"}
{"level":"info","message":"Send to Oracle -> {\"serialNumber\":\"VYB2801762\",\"taskType\":\"TONNER\",\"taskSummary\":\"TONNER\",\"contactNumber\":\"9099926233 / 9979556223\",\"contactEmail\":\"Serial Number VYB2801762\",\"emailSubject\":\"REQUIRE TONNER AT SEQUEL SURAT OFFICE\",\"emailFrom\":\"Import - Sequel Surat <impsur@sequel.co.in>\",\"emailTo\":\"PNS Call Centre <pns.blrcc@wepindia.com>\",\"emailCc\":\"Kiran Kumar <kiran.siddesh@sequel.co.in>, Hemal Adua <hemal.adua@sequel.co.in>, Chintan Desai <chintan@sequel.co.in>, MUKESH MISTRY - STVSECINCHARGE <stv1.secincharge@sequel.co.in>, Surat Operations <STV1.SECUREOPS@sequel.co.in>, Chetan Athanimath <\",\"emailBcc\":null,\"problemCode\":null,\"pfleetGroup\":null,\"contactPerson\":\"MUKESH MISTRY / RAHUL LAD\",\"pfleetTonerLevel\":null}"}
{"level":"info","message":"Saved -> {\"P_PARSING_FOLDER\":\"PARSED_UNSUCCESS\",\"P_STATUS_CODE\":\"X\",\"P_STATUS_DESC\":\"15DayApprovalPending\"}"}
{"level":"info","message":"Moved to PARSED_UNSUCCESS"}
{"level":"info","message":"Connecting to Mail & Getting Message List"}
{"level":"info","message":"Unseen messages from inbox - 1"}
{"level":"info","message":"Connecting to Mail & Getting Message List"}
{"level":"info","message":"Unseen messages from inbox - 0"}
{"level":"info","message":"Connecting to Mail & Getting Message List"}
{"level":"info","message":"Unseen messages from inbox - 1"}
{"level":"info","message":"Send to Oracle -> {\"serialNumber\":\"R1S9501539\",\"taskType\":\"Toner\",\"taskSummary\":\"printfleet:tonerlevel:30%\",\"contactNumber\":\"9037370226\",\"contactEmail\":\"fmkochi@hdfcsupport.co.in\",\"emailSubject\":\"PRINT_FLEET_REQUEST\",\"emailFrom\":\"Support <do-not-reply@printfleet.com>\",\"emailTo\":\"mps.csat@wepsol.in, pns.blrcc@wepindia.com, dms.support@wepmps.com, support.executive1@wepsol.in, rse2.mumbai@wepsol.in, RC.HDFC@wepsol.com, rc2.hdfc@wepsol.in\",\"emailCc\":null,\"emailBcc\":null,\"problemCode\":\"BLACK\",\"pfleetGroup\":\"PFV-ZWEP001-WEP > HDFC BANK LTD\",\"contactPerson\":\"\",\"pfleetTonerLevel\":\"Black 30%\"}"}
{"level":"error"}
{"level":"info","message":"Connecting to Mail & Getting Message List"}
{"level":"info","message":"Unseen messages from inbox - 0"}
{"level":"info","message":"Connecting to Mail & Getting Message List"}
{"level":"info","message":"Unseen messages from inbox - 0"}
{"level":"info","message":"Connecting to Mail & Getting Message List"}
{"level":"info","message":"Unseen messages from inbox - 0"}
{"level":"info","message":"Connecting to Mail & Getting Message List"}
{"level":"info","message":"Unseen messages from inbox - 1"}
{"level":"info","message":"Send to Oracle -> {\"serialNumber\":\"R1S9100584\",\"taskType\":\"Toner\",\"taskSummary\":\"printfleet:tonerlevel:5%\",\"contactNumber\":\"9922008476\",\"contactEmail\":\"cnfaurangabad@nerolac.com\",\"emailSubject\":\"PRINT_FLEET_REQUEST\",\"emailFrom\":\"Support <do-not-reply@printfleet.com>\",\"emailTo\":\"pns.blrcc@wepindia.com, dms.support@wepmps.com, support.executive1@wepsol.in, mps.csat@wepsol.in, rc.nerolac@wepsol.in, printersupport@nerolac.com\",\"emailCc\":null,\"emailBcc\":null,\"problemCode\":\"BLACK\",\"pfleetGroup\":null,\"contactPerson\":\"\",\"pfleetTonerLevel\":\"Black 5%\"}"}
{"level":"info","message":"Saved -> {\"P_PARSING_FOLDER\":\"PARSED_UNSUCCESS\",\"P_STATUS_CODE\":\"X\",\"P_STATUS_DESC\":\"ApprovalRequestInitiated\"}"}
{"level":"info","message":"Moved to PARSED_UNSUCCESS"}
{"level":"info","message":"Connecting to Mail & Getting Message List"}
{"level":"info","message":"Unseen messages from inbox - 0"}
{"level":"info","message":"Connecting to Mail & Getting Message List"}
{"level":"info","message":"Unseen messages from inbox - 0"}
{"level":"info","message":"Connecting to Mail & Getting Message List"}
{"level":"info","message":"Unseen messages from inbox - 0"}
