{"level":"info","message":"Connecting to Mail & Getting Message List"}
{"level":"info","message":"Unseen messages from inbox - 0"}
{"level":"info","message":"Connecting to Mail & Getting Message List"}
{"level":"info","message":"Unseen messages from inbox - 0"}
{"level":"info","message":"Connecting to Mail & Getting Message List"}
{"level":"info","message":"Unseen messages from inbox - 0"}
{"level":"info","message":"Connecting to Mail & Getting Message List"}
{"level":"info","message":"Unseen messages from inbox - 0"}
{"level":"info","message":"Connecting to Mail & Getting Message List"}
{"level":"info","message":"Unseen messages from inbox - 0"}
{"level":"info","message":"Connecting to Mail & Getting Message List"}
{"level":"info","message":"Unseen messages from inbox - 0"}
{"level":"info","message":"Connecting to Mail & Getting Message List"}
{"level":"info","message":"Unseen messages from inbox - 0"}
{"level":"info","message":"Connecting to Mail & Getting Message List"}
{"level":"info","message":"Unseen messages from inbox - 0"}
{"level":"info","message":"Connecting to Mail & Getting Message List"}
{"level":"info","message":"Unseen messages from inbox - 0"}
{"level":"info","message":"Connecting to Mail & Getting Message List"}
{"level":"info","message":"Unseen messages from inbox - 0"}
{"level":"info","message":"Connecting to Mail & Getting Message List"}
{"level":"info","message":"Unseen messages from inbox - 1"}
{"level":"info","message":"Connecting to Mail & Getting Message List"}
{"level":"info","message":"Unseen messages from inbox - 0"}
{"level":"info","message":"Started"}
{"level":"info","message":"Connecting to Mail & Getting Message List"}
{"level":"info","message":"Unseen messages from inbox - 0"}
{"level":"info","message":"Connecting to Mail & Getting Message List"}
{"level":"info","message":"Unseen messages from inbox - 1"}
{"level":"info","message":"Send to Oracle -> {\"serialNumber\":\"\",\"taskType\":\"\",\"taskSummary\":\"\",\"contactNumber\":\"\",\"contactEmail\":\"\",\"emailSubject\":\"Re: MO JHALAMAND -TONER REQUIRED\",\"emailFrom\":\"Eshwar Rao Nalla-RC1UIIC-Chennai-Customer Support <RCUIIC.Chennai@wepsol.com>\",\"emailTo\":\"Amara Ram Morda <amararam@uiic.co.in>\",\"emailCc\":\"PNS Call Centre <pns.blrcc@wepsol.com>\",\"emailBcc\":null,\"problemCode\":null,\"pfleetGroup\":null,\"contactPerson\":\"\",\"pfleetTonerLevel\":null}"}
{"level":"info","message":"Saved -> {\"P_PARSING_FOLDER\":\"PARSED_UNSUCCESS\",\"P_STATUS_CODE\":\"X\",\"P_STATUS_DESC\":\"InvalidSerialNumber\"}"}
{"body":"{\"code\":\"ErrorItemNotFound\",\"message\":\"The specified object was not found in the store., The process failed to get the correct properties.\"}","code":"ErrorItemNotFound","date":"2023-11-17T11:06:52.205Z","headers":{},"level":"error","requestId":null,"statusCode":404}
{"level":"info","message":"Connecting to Mail & Getting Message List"}
{"level":"info","message":"Unseen messages from inbox - 0"}
{"level":"info","message":"Connecting to Mail & Getting Message List"}
{"level":"info","message":"Unseen messages from inbox - 0"}
{"level":"info","message":"Connecting to Mail & Getting Message List"}
{"level":"info","message":"Unseen messages from inbox - 0"}
{"level":"info","message":"Connecting to Mail & Getting Message List"}
{"level":"info","message":"Unseen messages from inbox - 0"}
{"level":"info","message":"Connecting to Mail & Getting Message List"}
{"level":"info","message":"Unseen messages from inbox - 0"}
{"level":"info","message":"Connecting to Mail & Getting Message List"}
{"level":"info","message":"Unseen messages from inbox - 0"}
{"level":"info","message":"Connecting to Mail & Getting Message List"}
{"level":"info","message":"Unseen messages from inbox - 1"}
{"level":"info","message":"Send to Oracle -> {\"serialNumber\":\"\",\"taskType\":\"\",\"taskSummary\":\"\",\"contactNumber\":\"\",\"contactEmail\":\"\",\"emailSubject\":\"Action Required: Toner Call Approval - VYB8203446 - BHARAT FINANCIAL INCLUSION LTD-BLACK\",\"emailFrom\":\"Workflow Mailer_WEPPROD <oraclea@wepindia.com>\",\"emailTo\":\"MPS, CallCenter12 <pns.blrcc@wepindia.com>\",\"emailCc\":null,\"emailBcc\":null,\"problemCode\":null,\"pfleetGroup\":null,\"contactPerson\":\"\",\"pfleetTonerLevel\":null}"}
{"level":"info","message":"Saved -> {\"P_PARSING_FOLDER\":\"PARSED_UNSUCCESS\",\"P_STATUS_CODE\":\"X\",\"P_STATUS_DESC\":\"InvalidSerialNumber\"}"}
{"body":"{\"code\":\"ErrorItemNotFound\",\"message\":\"The specified object was not found in the store., The process failed to get the correct properties.\"}","code":"ErrorItemNotFound","date":"2023-11-17T11:08:04.132Z","headers":{},"level":"error","requestId":null,"statusCode":404}
{"level":"info","message":"Connecting to Mail & Getting Message List"}
{"level":"info","message":"Unseen messages from inbox - 1"}
{"level":"info","message":"Send to Oracle -> {\"serialNumber\":\"\",\"taskType\":\"\",\"taskSummary\":\"\",\"contactNumber\":\"\",\"contactEmail\":\"\",\"emailSubject\":\"Re: Log the Toner Call\",\"emailFrom\":\"Smita Ghadi - Bangalore - MPS - Operations <Customer.Support@wepsol.com>\",\"emailTo\":\"PNS Call Centre <pns.blrcc@wepsol.com>\",\"emailCc\":null,\"emailBcc\":null,\"problemCode\":null,\"pfleetGroup\":null,\"contactPerson\":\"\",\"pfleetTonerLevel\":null}"}
{"level":"info","message":"Saved -> {\"P_PARSING_FOLDER\":\"PARSED_UNSUCCESS\",\"P_STATUS_CODE\":\"X\",\"P_STATUS_DESC\":\"InvalidSerialNumber\"}"}
{"body":"{\"code\":\"ErrorItemNotFound\",\"message\":\"The specified object was not found in the store., The process failed to get the correct properties.\"}","code":"ErrorItemNotFound","date":"2023-11-17T11:08:15.151Z","headers":{},"level":"error","requestId":null,"statusCode":404}
{"level":"info","message":"Connecting to Mail & Getting Message List"}
{"level":"info","message":"Unseen messages from inbox - 0"}
{"level":"info","message":"Connecting to Mail & Getting Message List"}
{"level":"info","message":"Unseen messages from inbox - 0"}
{"level":"info","message":"Connecting to Mail & Getting Message List"}
{"level":"info","message":"Unseen messages from inbox - 0"}
{"level":"info","message":"Started"}
{"level":"info","message":"Connecting to Mail & Getting Message List"}
{"level":"info","message":"Unseen messages from inbox - 0"}
{"level":"info","message":"Connecting to Mail & Getting Message List"}
{"level":"info","message":"Unseen messages from inbox - 0"}
{"level":"info","message":"Connecting to Mail & Getting Message List"}
{"level":"info","message":"Unseen messages from inbox - 0"}
{"level":"info","message":"Connecting to Mail & Getting Message List"}
{"level":"info","message":"Unseen messages from inbox - 0"}
{"level":"info","message":"Connecting to Mail & Getting Message List"}
{"level":"info","message":"Unseen messages from inbox - 0"}
{"level":"info","message":"Connecting to Mail & Getting Message List"}
{"level":"info","message":"Unseen messages from inbox - 1"}
{"level":"info","message":"Send to Oracle -> {\"serialNumber\":\"VYB0138237\",\"taskType\":\"Toner\",\"taskSummary\":\"printfleet:tonerlevel:30%\",\"contactNumber\":\"8003999766\",\"contactEmail\":\"rajesh.kumar32@aubank.in\",\"emailSubject\":\"PRINT_FLEET_REQUEST\",\"emailFrom\":\"Support <do-not-reply@printfleet.com>\",\"emailTo\":\"pns.blrcc@wepsol.com, RC1.auf@wepsol.com, RC2.AUF@wepsol.com\",\"emailCc\":null,\"emailBcc\":null,\"problemCode\":\"BLACK\",\"pfleetGroup\":\"Root Group > AU SMALL FINANCE BANK LIMITED\",\"contactPerson\":\"\",\"pfleetTonerLevel\":\"Black 30%\"}"}
{"level":"info","message":"Saved -> {\"P_PARSING_FOLDER\":\"PARSED_UNSUCCESS\",\"P_STATUS_CODE\":\"X\",\"P_STATUS_DESC\":\"ApprovalRequestInitiated\"}"}
{"level":"info","message":"Moved to PARSED_UNSUCCESS"}
{"level":"info","message":"Connecting to Mail & Getting Message List"}
{"level":"info","message":"Unseen messages from inbox - 2"}
{"level":"info","message":"Send to Oracle -> {\"serialNumber\":\"\",\"taskType\":\"\",\"taskSummary\":\"\",\"contactNumber\":\"\",\"contactEmail\":\"\",\"emailSubject\":\"RE: Kyocera Printer not working -R1S9501465///Plot no 135 ,industrial area Assets branch Sector 82 mohali\",\"emailFrom\":\"Deewam Aggarwal     /MORTG_DEPT/IBANK/ <deewam.aggarwal@icicibank.com>\",\"emailTo\":\"Abhishek Kumar     /CPG_OPS/IBANK/ <abhishek.ar@icicibank.com>, ECS Support Team <support@ecsitindia.com>, Ram Naresh- Chandigarh- Haryana-Panjab-Himachal-Jammu & Kashmir-Support <cse.chandigarh@wepsol.com>, PNS Call Centre <pns.blrcc@wepsol.com>\",\"emailCc\":\"Sumit Bahl     /CPG_RCRD/IBANK/MHL <sumit.bahl@icicibank.com>, Vinay Salvi ICICI Mumbai - Customer Support <RC.ICICI@wepsol.In>, Ashil Chadha /MORTG_DEPT/IBANK/MOHA <ashil.chadha@icicibank.com>, Ramakant Sharma /CPG_OPS/IBANK/CDGR <ramakant.sharma@i\",\"emailBcc\":null,\"problemCode\":null,\"pfleetGroup\":null,\"contactPerson\":\"\",\"pfleetTonerLevel\":null}"}
{"level":"info","message":"Saved -> {\"P_PARSING_FOLDER\":\"PARSED_UNSUCCESS\",\"P_STATUS_CODE\":\"X\",\"P_STATUS_DESC\":\"InvalidSerialNumber\"}"}
{"level":"info","message":"Moved to PARSED_UNSUCCESS"}
{"level":"info","message":"Send to Oracle -> {\"serialNumber\":\"\",\"taskType\":\"\",\"taskSummary\":\"\",\"contactNumber\":\"\",\"contactEmail\":\"\",\"emailSubject\":\"Rejected Toner Call Request\",\"emailFrom\":\"psd.oracle2@wepsol.in\",\"emailTo\":\"dvijay@roots.co.in\",\"emailCc\":\"pns.blrcc@wepindia.com, customer.support@wepsol.in, data.operator@wepsol.in\",\"emailBcc\":null,\"problemCode\":null,\"pfleetGroup\":null,\"contactPerson\":\"\",\"pfleetTonerLevel\":null}"}
{"level":"info","message":"Saved -> {\"P_PARSING_FOLDER\":\"PARSED_UNSUCCESS\",\"P_STATUS_CODE\":\"X\",\"P_STATUS_DESC\":\"SYSTEM_EMAIL\"}"}
{"level":"info","message":"Moved to PARSED_UNSUCCESS"}
{"level":"info","message":"Connecting to Mail & Getting Message List"}
{"level":"info","message":"Unseen messages from inbox - 0"}
{"level":"info","message":"Connecting to Mail & Getting Message List"}
{"level":"info","message":"Unseen messages from inbox - 0"}
{"level":"info","message":"Connecting to Mail & Getting Message List"}
{"level":"info","message":"Unseen messages from inbox - 0"}
{"level":"info","message":"Connecting to Mail & Getting Message List"}
{"level":"info","message":"Unseen messages from inbox - 0"}
{"level":"info","message":"Connecting to Mail & Getting Message List"}
{"level":"info","message":"Unseen messages from inbox - 0"}
{"level":"info","message":"Connecting to Mail & Getting Message List"}
{"level":"info","message":"Unseen messages from inbox - 0"}
{"level":"info","message":"Connecting to Mail & Getting Message List"}
{"level":"info","message":"Unseen messages from inbox - 0"}
{"level":"info","message":"Connecting to Mail & Getting Message List"}
{"level":"info","message":"Unseen messages from inbox - 0"}
{"level":"info","message":"Connecting to Mail & Getting Message List"}
{"level":"info","message":"Unseen messages from inbox - 0"}
{"level":"info","message":"Connecting to Mail & Getting Message List"}
{"level":"info","message":"Unseen messages from inbox - 1"}
{"level":"info","message":"Send to Oracle -> {\"serialNumber\":\"VYC3103228\",\"taskType\":\"Toner\",\"taskSummary\":\"printfleet:tonerlevel:0%\",\"contactNumber\":\"0000000000\",\"contactEmail\":\"abc@xyz.com\",\"emailSubject\":\"PRINT_FLEET_REQUEST\",\"emailFrom\":\"Support <do-not-reply@printfleet.com>\",\"emailTo\":\"mps.csat@wepsol.in, pns.blrcc@wepindia.com, dms.support@wepmps.com, support.executive1@wepsol.in, rse2.mumbai@wepsol.in, rc.hdfc@wepsol.in, rc2.hdfc@wepsol.in\",\"emailCc\":null,\"emailBcc\":null,\"problemCode\":\"BLACK\",\"pfleetGroup\":\"PFV-ZWEP001-WEP > HDFC SALES PRIVATE LTD\",\"contactPerson\":\"\",\"pfleetTonerLevel\":\"Black 0%\"}"}
{"level":"info","message":"Saved -> {\"P_PARSING_FOLDER\":\"PARSED_UNSUCCESS\",\"P_STATUS_CODE\":\"X\",\"P_STATUS_DESC\":\"VYC3103228 not exist in contract, Please Contact  Mr.Zaid Bangalore Support, EMail: ops2exe@wepsol.in\"}"}
{"level":"info","message":"Moved to PARSED_UNSUCCESS"}
{"level":"info","message":"Connecting to Mail & Getting Message List"}
{"level":"info","message":"Unseen messages from inbox - 0"}
{"level":"info","message":"Connecting to Mail & Getting Message List"}
{"level":"info","message":"Unseen messages from inbox - 0"}
{"level":"info","message":"Connecting to Mail & Getting Message List"}
{"level":"info","message":"Unseen messages from inbox - 0"}
{"level":"info","message":"Connecting to Mail & Getting Message List"}
{"level":"info","message":"Unseen messages from inbox - 0"}
{"level":"info","message":"Connecting to Mail & Getting Message List"}
{"level":"info","message":"Unseen messages from inbox - 0"}
{"level":"info","message":"Connecting to Mail & Getting Message List"}
{"level":"info","message":"Unseen messages from inbox - 0"}
{"level":"info","message":"Connecting to Mail & Getting Message List"}
{"level":"info","message":"Unseen messages from inbox - 1"}
{"level":"info","message":"Send to Oracle -> {\"serialNumber\":\"R1S9100356\",\"taskType\":\"Support\",\"taskSummary\":\"Support\",\"contactNumber\":\"9702121538\",\"contactEmail\":\"rupalipandit@uiic.co.in [rupalipandit@uiic.co.in]\",\"emailSubject\":\"Support_Printer Sr. No. R1S9100356\",\"emailFrom\":\"Rupali Manishpandit <rupalipandit@uiic.co.in>\",\"emailTo\":\"PNS Call Centre <pns.blrcc@wepindia.com>\",\"emailCc\":\"Dayaramani K L <kldayaramani@uiic.co.in>, Vasudha Kishore <vasudhak@uiic.co.in>, Anupriya Govlana <anupriyag@uiic.co.in>\",\"emailBcc\":null,\"problemCode\":null,\"pfleetGroup\":null,\"contactPerson\":\"Mrs. Rupali Pandit\",\"pfleetTonerLevel\":null}"}
{"level":"error"}
{"level":"info","message":"Connecting to Mail & Getting Message List"}
{"level":"info","message":"Unseen messages from inbox - 3"}
{"level":"info","message":"Send to Oracle -> {\"serialNumber\":\"VYB8507000\",\"taskType\":\"Toner\",\"taskSummary\":\"Low toner\",\"contactNumber\":\"9842355685\",\"contactEmail\":\"karthikeyan.sundaram@lichousing.com\",\"emailSubject\":\"Toner required\",\"emailFrom\":\"KARTHIKEYAN SUNDARAM <KARTHIKEYAN.SUNDARAM@lichousing.com>\",\"emailTo\":\"pns.blrcc@wepindia.com\",\"emailCc\":\"VEER CHANDRA JAIN <VEER.JAIN@lichousing.com>, NEHA AGGARWAL <NEHA.AGGARWAL@lichousing.com>\",\"emailBcc\":null,\"problemCode\":null,\"pfleetGroup\":null,\"contactPerson\":\"KARTHIKEYAN SUNDARAM\",\"pfleetTonerLevel\":null}"}
{"level":"info","message":"Saved -> {\"P_PARSING_FOLDER\":\"PARSED_UNSUCCESS\",\"P_STATUS_CODE\":\"X\",\"P_STATUS_DESC\":\"ApprovalRequestInitiated\"}"}
{"level":"info","message":"Moved to PARSED_UNSUCCESS"}
{"body":"{\"code\":\"ErrorItemNotFound\",\"message\":\"The specified object was not found in the store., The process failed to get the correct properties.\"}","code":"ErrorItemNotFound","date":"2023-11-17T11:17:01.163Z","headers":{},"level":"error","requestId":null,"statusCode":404}
