{"level":"info","message":"Connecting to Mail & Getting Message List"}
{"level":"info","message":"Unseen messages from inbox - 0"}
{"level":"info","message":"Connecting to Mail & Getting Message List"}
{"level":"info","message":"Unseen messages from inbox - 0"}
{"level":"info","message":"Connecting to Mail & Getting Message List"}
{"level":"info","message":"Unseen messages from inbox - 0"}
{"level":"info","message":"Connecting to Mail & Getting Message List"}
{"level":"info","message":"Unseen messages from inbox - 0"}
{"level":"info","message":"Connecting to Mail & Getting Message List"}
{"level":"info","message":"Unseen messages from inbox - 1"}
{"level":"info","message":"Send to Oracle -> {\"serialNumber\":\"\",\"taskType\":\"\",\"taskSummary\":\"printcounter:tonerlevel:TonerPercentChange:\",\"contactNumber\":\": 91-9740151432\",\"contactEmail\":\"\",\"emailSubject\":\"tttt\",\"emailFrom\":\"Abhiram S - Bangalore - IS <abhiram.s@wepsol.com>\",\"emailTo\":\"Hrutik Sunkad - Bangalore- Management Trainee <Hrutik.Sunkad@wepsol.com>\",\"emailCc\":null,\"emailBcc\":null,\"problemCode\":null,\"pfleetGroup\":null,\"contactPerson\":\"\",\"pfleetTonerLevel\":null}"}
{"level":"info","message":"Saved -> {\"P_PARSING_FOLDER\":\"PARSED_UNSUCCESS\",\"P_STATUS_CODE\":\"X\",\"P_STATUS_DESC\":\"InvalidSerialNumber\"}"}
{"level":"info","message":"Moved to PARSED_UNSUCCESS"}
{"level":"info","message":"Connecting to Mail & Getting Message List"}
{"level":"info","message":"Unseen messages from inbox - 0"}
{"level":"info","message":"Connecting to Mail & Getting Message List"}
{"level":"info","message":"Unseen messages from inbox - 0"}
{"level":"info","message":"Connecting to Mail & Getting Message List"}
{"level":"info","message":"Unseen messages from inbox - 0"}
{"level":"info","message":"Connecting to Mail & Getting Message List"}
{"level":"info","message":"Unseen messages from inbox - 0"}
{"level":"info","message":"Connecting to Mail & Getting Message List"}
{"level":"info","message":"Unseen messages from inbox - 1"}
{"level":"info","message":"Send to Oracle -> {\"serialNumber\":\"VY92905810\",\"taskType\":\"Black Toner\",\"taskSummary\":\"printcounter:tonerlevel:6.00%\",\"contactNumber\":\"8617746826\",\"contactEmail\":\"Avirup.Majumdar@mjunction.in\",\"emailSubject\":\"hi\",\"emailFrom\":\"Hrutik Sunkad - Bangalore- Management Trainee <Hrutik.Sunkad@wepsol.com>\",\"emailTo\":\"Hrutik Sunkad - Bangalore- Management Trainee <Hrutik.Sunkad@wepsol.com>\",\"emailCc\":null,\"emailBcc\":null,\"problemCode\":null,\"pfleetGroup\":\"WeP Solutions Ltd\",\"contactPerson\":\"Avirup Majumdar\",\"pfleetTonerLevel\":null}"}
{"level":"info","message":"Saved -> {\"P_PARSING_FOLDER\":\"PARSED_UNSUCCESS\",\"P_STATUS_CODE\":\"X\",\"P_STATUS_DESC\":\"InvalidTaskType\"}"}
{"level":"info","message":"Moved to PARSED_UNSUCCESS"}
{"level":"info","message":"Connecting to Mail & Getting Message List"}
{"level":"info","message":"Unseen messages from inbox - 0"}
