{"level":"info","message":"Connecting to Mail & Getting Message List"}
{"level":"info","message":"Unseen messages from inbox - 0"}
{"level":"info","message":"Connecting to Mail & Getting Message List"}
{"level":"info","message":"Unseen messages from inbox - 0"}
{"level":"info","message":"Started"}
{"level":"info","message":"Connecting to Mail & Getting Message List"}
{"level":"info","message":"Unseen messages from inbox - 1"}
{"level":"info","message":"Send to Oracle -> {\"serialNumber\":\"VY98Z00956\",\"taskType\":\"Toner\",\"taskSummary\":\"printfleet:tonerlevel:6.00%\",\"contactNumber\":\"\",\"contactEmail\":\"\",\"emailSubject\":\"ram1\",\"emailFrom\":\"Hrutik Sunkad - Bangalore- Management Trainee <Hrutik.Sunkad@wepsol.com>\",\"emailTo\":\"Hrutik Sunkad - Bangalore- Management Trainee <Hrutik.Sunkad@wepsol.com>\",\"emailCc\":null,\"emailBcc\":null,\"problemCode\":null,\"pfleetGroup\":\"WeP Solutions Ltd\",\"contactPerson\":\"\",\"pfleetTonerLevel\":null}"}
{"errorNum":12170,"level":"error","offset":0}
{"level":"info","message":"Connecting to Mail & Getting Message List"}
{"level":"info","message":"Unseen messages from inbox - 1"}
{"level":"info","message":"Send to Oracle -> {\"serialNumber\":\"VY98Z00956\",\"taskType\":\"Toner\",\"taskSummary\":\"printfleet:tonerlevel:6.00%\",\"contactNumber\":\"\",\"contactEmail\":\"\",\"emailSubject\":\"ram1\",\"emailFrom\":\"Hrutik Sunkad - Bangalore- Management Trainee <Hrutik.Sunkad@wepsol.com>\",\"emailTo\":\"Hrutik Sunkad - Bangalore- Management Trainee <Hrutik.Sunkad@wepsol.com>\",\"emailCc\":null,\"emailBcc\":null,\"problemCode\":null,\"pfleetGroup\":\"WeP Solutions Ltd\",\"contactPerson\":\"\",\"pfleetTonerLevel\":null}"}
{"errorNum":12170,"level":"error","offset":0}
{"level":"info","message":"Connecting to Mail & Getting Message List"}
{"level":"info","message":"Unseen messages from inbox - 1"}
{"level":"info","message":"Send to Oracle -> {\"serialNumber\":\"VY98Z00956\",\"taskType\":\"Toner\",\"taskSummary\":\"printfleet:tonerlevel:6.00%\",\"contactNumber\":\"\",\"contactEmail\":\"\",\"emailSubject\":\"ram1\",\"emailFrom\":\"Hrutik Sunkad - Bangalore- Management Trainee <Hrutik.Sunkad@wepsol.com>\",\"emailTo\":\"Hrutik Sunkad - Bangalore- Management Trainee <Hrutik.Sunkad@wepsol.com>\",\"emailCc\":null,\"emailBcc\":null,\"problemCode\":null,\"pfleetGroup\":\"WeP Solutions Ltd\",\"contactPerson\":\"\",\"pfleetTonerLevel\":null}"}
{"errorNum":12170,"level":"error","offset":0}
{"level":"info","message":"Started"}
{"level":"info","message":"Connecting to Mail & Getting Message List"}
{"level":"info","message":"Unseen messages from inbox - 2"}
{"level":"info","message":"Send to Oracle -> {\"serialNumber\":\"VY98Z00956\",\"taskType\":\"Toner\",\"taskSummary\":\"printfleet:tonerlevel:6.00%\",\"contactNumber\":\"\",\"contactEmail\":\"\",\"emailSubject\":\"ram2\",\"emailFrom\":\"Hrutik Sunkad - Bangalore- Management Trainee <Hrutik.Sunkad@wepsol.com>\",\"emailTo\":\"Hrutik Sunkad - Bangalore- Management Trainee <Hrutik.Sunkad@wepsol.com>\",\"emailCc\":null,\"emailBcc\":null,\"problemCode\":null,\"pfleetGroup\":\"WeP Solutions Ltd\",\"contactPerson\":\"\",\"pfleetTonerLevel\":null}"}
{"errorNum":12170,"level":"error","offset":0}
{"level":"info","message":"Send to Oracle -> {\"serialNumber\":\"VY98Z00956\",\"taskType\":\"Toner\",\"taskSummary\":\"printfleet:tonerlevel:6.00%\",\"contactNumber\":\"\",\"contactEmail\":\"\",\"emailSubject\":\"ram1\",\"emailFrom\":\"Hrutik Sunkad - Bangalore- Management Trainee <Hrutik.Sunkad@wepsol.com>\",\"emailTo\":\"Hrutik Sunkad - Bangalore- Management Trainee <Hrutik.Sunkad@wepsol.com>\",\"emailCc\":null,\"emailBcc\":null,\"problemCode\":null,\"pfleetGroup\":\"WeP Solutions Ltd\",\"contactPerson\":\"\",\"pfleetTonerLevel\":null}"}
{"errorNum":12170,"level":"error","offset":0}
{"level":"info","message":"Connecting to Mail & Getting Message List"}
{"level":"info","message":"Unseen messages from inbox - 2"}
{"level":"info","message":"Send to Oracle -> {\"serialNumber\":\"VY98Z00956\",\"taskType\":\"Toner\",\"taskSummary\":\"printfleet:tonerlevel:6.00%\",\"contactNumber\":\"\",\"contactEmail\":\"\",\"emailSubject\":\"ram2\",\"emailFrom\":\"Hrutik Sunkad - Bangalore- Management Trainee <Hrutik.Sunkad@wepsol.com>\",\"emailTo\":\"Hrutik Sunkad - Bangalore- Management Trainee <Hrutik.Sunkad@wepsol.com>\",\"emailCc\":null,\"emailBcc\":null,\"problemCode\":null,\"pfleetGroup\":\"WeP Solutions Ltd\",\"contactPerson\":\"\",\"pfleetTonerLevel\":null}"}
{"errorNum":12170,"level":"error","offset":0}
{"level":"info","message":"Send to Oracle -> {\"serialNumber\":\"VY98Z00956\",\"taskType\":\"Toner\",\"taskSummary\":\"printfleet:tonerlevel:6.00%\",\"contactNumber\":\"\",\"contactEmail\":\"\",\"emailSubject\":\"ram1\",\"emailFrom\":\"Hrutik Sunkad - Bangalore- Management Trainee <Hrutik.Sunkad@wepsol.com>\",\"emailTo\":\"Hrutik Sunkad - Bangalore- Management Trainee <Hrutik.Sunkad@wepsol.com>\",\"emailCc\":null,\"emailBcc\":null,\"problemCode\":null,\"pfleetGroup\":\"WeP Solutions Ltd\",\"contactPerson\":\"\",\"pfleetTonerLevel\":null}"}
{"errorNum":12170,"level":"error","offset":0}
{"level":"info","message":"Connecting to Mail & Getting Message List"}
{"level":"info","message":"Unseen messages from inbox - 2"}
{"level":"info","message":"Send to Oracle -> {\"serialNumber\":\"VY98Z00956\",\"taskType\":\"Toner\",\"taskSummary\":\"printfleet:tonerlevel:6.00%\",\"contactNumber\":\"\",\"contactEmail\":\"\",\"emailSubject\":\"ram2\",\"emailFrom\":\"Hrutik Sunkad - Bangalore- Management Trainee <Hrutik.Sunkad@wepsol.com>\",\"emailTo\":\"Hrutik Sunkad - Bangalore- Management Trainee <Hrutik.Sunkad@wepsol.com>\",\"emailCc\":null,\"emailBcc\":null,\"problemCode\":null,\"pfleetGroup\":\"WeP Solutions Ltd\",\"contactPerson\":\"\",\"pfleetTonerLevel\":null}"}
{"errorNum":12170,"level":"error","offset":0}
{"level":"info","message":"Send to Oracle -> {\"serialNumber\":\"VY98Z00956\",\"taskType\":\"Toner\",\"taskSummary\":\"printfleet:tonerlevel:6.00%\",\"contactNumber\":\"\",\"contactEmail\":\"\",\"emailSubject\":\"ram1\",\"emailFrom\":\"Hrutik Sunkad - Bangalore- Management Trainee <Hrutik.Sunkad@wepsol.com>\",\"emailTo\":\"Hrutik Sunkad - Bangalore- Management Trainee <Hrutik.Sunkad@wepsol.com>\",\"emailCc\":null,\"emailBcc\":null,\"problemCode\":null,\"pfleetGroup\":\"WeP Solutions Ltd\",\"contactPerson\":\"\",\"pfleetTonerLevel\":null}"}
{"errorNum":12170,"level":"error","offset":0}
{"level":"info","message":"Connecting to Mail & Getting Message List"}
{"level":"info","message":"Unseen messages from inbox - 2"}
{"level":"info","message":"Send to Oracle -> {\"serialNumber\":\"VY98Z00956\",\"taskType\":\"Toner\",\"taskSummary\":\"printfleet:tonerlevel:6.00%\",\"contactNumber\":\"\",\"contactEmail\":\"\",\"emailSubject\":\"ram2\",\"emailFrom\":\"Hrutik Sunkad - Bangalore- Management Trainee <Hrutik.Sunkad@wepsol.com>\",\"emailTo\":\"Hrutik Sunkad - Bangalore- Management Trainee <Hrutik.Sunkad@wepsol.com>\",\"emailCc\":null,\"emailBcc\":null,\"problemCode\":null,\"pfleetGroup\":\"WeP Solutions Ltd\",\"contactPerson\":\"\",\"pfleetTonerLevel\":null}"}
{"errorNum":12170,"level":"error","offset":0}
{"level":"info","message":"Send to Oracle -> {\"serialNumber\":\"VY98Z00956\",\"taskType\":\"Toner\",\"taskSummary\":\"printfleet:tonerlevel:6.00%\",\"contactNumber\":\"\",\"contactEmail\":\"\",\"emailSubject\":\"ram1\",\"emailFrom\":\"Hrutik Sunkad - Bangalore- Management Trainee <Hrutik.Sunkad@wepsol.com>\",\"emailTo\":\"Hrutik Sunkad - Bangalore- Management Trainee <Hrutik.Sunkad@wepsol.com>\",\"emailCc\":null,\"emailBcc\":null,\"problemCode\":null,\"pfleetGroup\":\"WeP Solutions Ltd\",\"contactPerson\":\"\",\"pfleetTonerLevel\":null}"}
{"errorNum":12170,"level":"error","offset":0}
{"level":"info","message":"Connecting to Mail & Getting Message List"}
{"level":"info","message":"Unseen messages from inbox - 2"}
{"level":"info","message":"Send to Oracle -> {\"serialNumber\":\"VY98Z00956\",\"taskType\":\"Toner\",\"taskSummary\":\"printfleet:tonerlevel:6.00%\",\"contactNumber\":\"\",\"contactEmail\":\"\",\"emailSubject\":\"ram2\",\"emailFrom\":\"Hrutik Sunkad - Bangalore- Management Trainee <Hrutik.Sunkad@wepsol.com>\",\"emailTo\":\"Hrutik Sunkad - Bangalore- Management Trainee <Hrutik.Sunkad@wepsol.com>\",\"emailCc\":null,\"emailBcc\":null,\"problemCode\":null,\"pfleetGroup\":\"WeP Solutions Ltd\",\"contactPerson\":\"\",\"pfleetTonerLevel\":null}"}
{"errorNum":12170,"level":"error","offset":0}
{"level":"info","message":"Send to Oracle -> {\"serialNumber\":\"VY98Z00956\",\"taskType\":\"Toner\",\"taskSummary\":\"printfleet:tonerlevel:6.00%\",\"contactNumber\":\"\",\"contactEmail\":\"\",\"emailSubject\":\"ram1\",\"emailFrom\":\"Hrutik Sunkad - Bangalore- Management Trainee <Hrutik.Sunkad@wepsol.com>\",\"emailTo\":\"Hrutik Sunkad - Bangalore- Management Trainee <Hrutik.Sunkad@wepsol.com>\",\"emailCc\":null,\"emailBcc\":null,\"problemCode\":null,\"pfleetGroup\":\"WeP Solutions Ltd\",\"contactPerson\":\"\",\"pfleetTonerLevel\":null}"}
{"errorNum":12170,"level":"error","offset":0}
{"level":"info","message":"Connecting to Mail & Getting Message List"}
{"level":"info","message":"Unseen messages from inbox - 2"}
{"level":"info","message":"Send to Oracle -> {\"serialNumber\":\"VY98Z00956\",\"taskType\":\"Toner\",\"taskSummary\":\"printfleet:tonerlevel:6.00%\",\"contactNumber\":\"\",\"contactEmail\":\"\",\"emailSubject\":\"ram2\",\"emailFrom\":\"Hrutik Sunkad - Bangalore- Management Trainee <Hrutik.Sunkad@wepsol.com>\",\"emailTo\":\"Hrutik Sunkad - Bangalore- Management Trainee <Hrutik.Sunkad@wepsol.com>\",\"emailCc\":null,\"emailBcc\":null,\"problemCode\":null,\"pfleetGroup\":\"WeP Solutions Ltd\",\"contactPerson\":\"\",\"pfleetTonerLevel\":null}"}
{"errorNum":12170,"level":"error","offset":0}
{"level":"info","message":"Send to Oracle -> {\"serialNumber\":\"VY98Z00956\",\"taskType\":\"Toner\",\"taskSummary\":\"printfleet:tonerlevel:6.00%\",\"contactNumber\":\"\",\"contactEmail\":\"\",\"emailSubject\":\"ram1\",\"emailFrom\":\"Hrutik Sunkad - Bangalore- Management Trainee <Hrutik.Sunkad@wepsol.com>\",\"emailTo\":\"Hrutik Sunkad - Bangalore- Management Trainee <Hrutik.Sunkad@wepsol.com>\",\"emailCc\":null,\"emailBcc\":null,\"problemCode\":null,\"pfleetGroup\":\"WeP Solutions Ltd\",\"contactPerson\":\"\",\"pfleetTonerLevel\":null}"}
{"errorNum":12170,"level":"error","offset":0}
{"level":"info","message":"Connecting to Mail & Getting Message List"}
{"level":"info","message":"Unseen messages from inbox - 3"}
{"level":"info","message":"Send to Oracle -> {\"serialNumber\":\"\",\"taskType\":\"\",\"taskSummary\":\"\",\"contactNumber\":\"\",\"contactEmail\":\"\",\"emailSubject\":\"Fw: Au Bank Toner Alert\",\"emailFrom\":\"PNS Call Centre <pns.blrcc@wepsol.com>\",\"emailTo\":\"Hrutik Sunkad - Bangalore- Management Trainee <Hrutik.Sunkad@wepsol.com>\",\"emailCc\":null,\"emailBcc\":null,\"problemCode\":null,\"pfleetGroup\":null,\"contactPerson\":\"\",\"pfleetTonerLevel\":null}"}
{"errorNum":12170,"level":"error","offset":0}
{"level":"info","message":"Send to Oracle -> {\"serialNumber\":\"VY98Z00956\",\"taskType\":\"Toner\",\"taskSummary\":\"printfleet:tonerlevel:6.00%\",\"contactNumber\":\"\",\"contactEmail\":\"\",\"emailSubject\":\"ram2\",\"emailFrom\":\"Hrutik Sunkad - Bangalore- Management Trainee <Hrutik.Sunkad@wepsol.com>\",\"emailTo\":\"Hrutik Sunkad - Bangalore- Management Trainee <Hrutik.Sunkad@wepsol.com>\",\"emailCc\":null,\"emailBcc\":null,\"problemCode\":null,\"pfleetGroup\":\"WeP Solutions Ltd\",\"contactPerson\":\"\",\"pfleetTonerLevel\":null}"}
{"errorNum":12170,"level":"error","offset":0}
{"level":"info","message":"Send to Oracle -> {\"serialNumber\":\"VY98Z00956\",\"taskType\":\"Toner\",\"taskSummary\":\"printfleet:tonerlevel:6.00%\",\"contactNumber\":\"\",\"contactEmail\":\"\",\"emailSubject\":\"ram1\",\"emailFrom\":\"Hrutik Sunkad - Bangalore- Management Trainee <Hrutik.Sunkad@wepsol.com>\",\"emailTo\":\"Hrutik Sunkad - Bangalore- Management Trainee <Hrutik.Sunkad@wepsol.com>\",\"emailCc\":null,\"emailBcc\":null,\"problemCode\":null,\"pfleetGroup\":\"WeP Solutions Ltd\",\"contactPerson\":\"\",\"pfleetTonerLevel\":null}"}
{"errorNum":12170,"level":"error","offset":0}
{"level":"info","message":"Connecting to Mail & Getting Message List"}
{"level":"info","message":"Unseen messages from inbox - 3"}
{"level":"info","message":"Send to Oracle -> {\"serialNumber\":\"\",\"taskType\":\"\",\"taskSummary\":\"\",\"contactNumber\":\"\",\"contactEmail\":\"\",\"emailSubject\":\"Fw: Au Bank Toner Alert\",\"emailFrom\":\"PNS Call Centre <pns.blrcc@wepsol.com>\",\"emailTo\":\"Hrutik Sunkad - Bangalore- Management Trainee <Hrutik.Sunkad@wepsol.com>\",\"emailCc\":null,\"emailBcc\":null,\"problemCode\":null,\"pfleetGroup\":null,\"contactPerson\":\"\",\"pfleetTonerLevel\":null}"}
{"errorNum":12170,"level":"error","offset":0}
{"level":"info","message":"Send to Oracle -> {\"serialNumber\":\"VY98Z00956\",\"taskType\":\"Toner\",\"taskSummary\":\"printfleet:tonerlevel:6.00%\",\"contactNumber\":\"\",\"contactEmail\":\"\",\"emailSubject\":\"ram2\",\"emailFrom\":\"Hrutik Sunkad - Bangalore- Management Trainee <Hrutik.Sunkad@wepsol.com>\",\"emailTo\":\"Hrutik Sunkad - Bangalore- Management Trainee <Hrutik.Sunkad@wepsol.com>\",\"emailCc\":null,\"emailBcc\":null,\"problemCode\":null,\"pfleetGroup\":\"WeP Solutions Ltd\",\"contactPerson\":\"\",\"pfleetTonerLevel\":null}"}
{"errorNum":12170,"level":"error","offset":0}
{"level":"info","message":"Send to Oracle -> {\"serialNumber\":\"VY98Z00956\",\"taskType\":\"Toner\",\"taskSummary\":\"printfleet:tonerlevel:6.00%\",\"contactNumber\":\"\",\"contactEmail\":\"\",\"emailSubject\":\"ram1\",\"emailFrom\":\"Hrutik Sunkad - Bangalore- Management Trainee <Hrutik.Sunkad@wepsol.com>\",\"emailTo\":\"Hrutik Sunkad - Bangalore- Management Trainee <Hrutik.Sunkad@wepsol.com>\",\"emailCc\":null,\"emailBcc\":null,\"problemCode\":null,\"pfleetGroup\":\"WeP Solutions Ltd\",\"contactPerson\":\"\",\"pfleetTonerLevel\":null}"}
{"errorNum":12170,"level":"error","offset":0}
{"level":"info","message":"Connecting to Mail & Getting Message List"}
{"level":"info","message":"Unseen messages from inbox - 3"}
{"level":"info","message":"Send to Oracle -> {\"serialNumber\":\"\",\"taskType\":\"\",\"taskSummary\":\"\",\"contactNumber\":\"\",\"contactEmail\":\"\",\"emailSubject\":\"Fw: Au Bank Toner Alert\",\"emailFrom\":\"PNS Call Centre <pns.blrcc@wepsol.com>\",\"emailTo\":\"Hrutik Sunkad - Bangalore- Management Trainee <Hrutik.Sunkad@wepsol.com>\",\"emailCc\":null,\"emailBcc\":null,\"problemCode\":null,\"pfleetGroup\":null,\"contactPerson\":\"\",\"pfleetTonerLevel\":null}"}
{"errorNum":12170,"level":"error","offset":0}
{"level":"info","message":"Send to Oracle -> {\"serialNumber\":\"VY98Z00956\",\"taskType\":\"Toner\",\"taskSummary\":\"printfleet:tonerlevel:6.00%\",\"contactNumber\":\"\",\"contactEmail\":\"\",\"emailSubject\":\"ram2\",\"emailFrom\":\"Hrutik Sunkad - Bangalore- Management Trainee <Hrutik.Sunkad@wepsol.com>\",\"emailTo\":\"Hrutik Sunkad - Bangalore- Management Trainee <Hrutik.Sunkad@wepsol.com>\",\"emailCc\":null,\"emailBcc\":null,\"problemCode\":null,\"pfleetGroup\":\"WeP Solutions Ltd\",\"contactPerson\":\"\",\"pfleetTonerLevel\":null}"}
{"errorNum":12170,"level":"error","offset":0}
{"level":"info","message":"Send to Oracle -> {\"serialNumber\":\"VY98Z00956\",\"taskType\":\"Toner\",\"taskSummary\":\"printfleet:tonerlevel:6.00%\",\"contactNumber\":\"\",\"contactEmail\":\"\",\"emailSubject\":\"ram1\",\"emailFrom\":\"Hrutik Sunkad - Bangalore- Management Trainee <Hrutik.Sunkad@wepsol.com>\",\"emailTo\":\"Hrutik Sunkad - Bangalore- Management Trainee <Hrutik.Sunkad@wepsol.com>\",\"emailCc\":null,\"emailBcc\":null,\"problemCode\":null,\"pfleetGroup\":\"WeP Solutions Ltd\",\"contactPerson\":\"\",\"pfleetTonerLevel\":null}"}
{"errorNum":12170,"level":"error","offset":0}
{"level":"info","message":"Connecting to Mail & Getting Message List"}
{"level":"info","message":"Unseen messages from inbox - 3"}
{"level":"info","message":"Send to Oracle -> {\"serialNumber\":\"\",\"taskType\":\"\",\"taskSummary\":\"\",\"contactNumber\":\"\",\"contactEmail\":\"\",\"emailSubject\":\"Fw: Au Bank Toner Alert\",\"emailFrom\":\"PNS Call Centre <pns.blrcc@wepsol.com>\",\"emailTo\":\"Hrutik Sunkad - Bangalore- Management Trainee <Hrutik.Sunkad@wepsol.com>\",\"emailCc\":null,\"emailBcc\":null,\"problemCode\":null,\"pfleetGroup\":null,\"contactPerson\":\"\",\"pfleetTonerLevel\":null}"}
{"errorNum":12170,"level":"error","offset":0}
{"level":"info","message":"Send to Oracle -> {\"serialNumber\":\"VY98Z00956\",\"taskType\":\"Toner\",\"taskSummary\":\"printfleet:tonerlevel:6.00%\",\"contactNumber\":\"\",\"contactEmail\":\"\",\"emailSubject\":\"ram2\",\"emailFrom\":\"Hrutik Sunkad - Bangalore- Management Trainee <Hrutik.Sunkad@wepsol.com>\",\"emailTo\":\"Hrutik Sunkad - Bangalore- Management Trainee <Hrutik.Sunkad@wepsol.com>\",\"emailCc\":null,\"emailBcc\":null,\"problemCode\":null,\"pfleetGroup\":\"WeP Solutions Ltd\",\"contactPerson\":\"\",\"pfleetTonerLevel\":null}"}
{"errorNum":12170,"level":"error","offset":0}
{"level":"info","message":"Send to Oracle -> {\"serialNumber\":\"VY98Z00956\",\"taskType\":\"Toner\",\"taskSummary\":\"printfleet:tonerlevel:6.00%\",\"contactNumber\":\"\",\"contactEmail\":\"\",\"emailSubject\":\"ram1\",\"emailFrom\":\"Hrutik Sunkad - Bangalore- Management Trainee <Hrutik.Sunkad@wepsol.com>\",\"emailTo\":\"Hrutik Sunkad - Bangalore- Management Trainee <Hrutik.Sunkad@wepsol.com>\",\"emailCc\":null,\"emailBcc\":null,\"problemCode\":null,\"pfleetGroup\":\"WeP Solutions Ltd\",\"contactPerson\":\"\",\"pfleetTonerLevel\":null}"}
{"errorNum":12170,"level":"error","offset":0}
{"level":"info","message":"Connecting to Mail & Getting Message List"}
{"level":"info","message":"Unseen messages from inbox - 3"}
{"level":"info","message":"Send to Oracle -> {\"serialNumber\":\"\",\"taskType\":\"\",\"taskSummary\":\"\",\"contactNumber\":\"\",\"contactEmail\":\"\",\"emailSubject\":\"Fw: Au Bank Toner Alert\",\"emailFrom\":\"PNS Call Centre <pns.blrcc@wepsol.com>\",\"emailTo\":\"Hrutik Sunkad - Bangalore- Management Trainee <Hrutik.Sunkad@wepsol.com>\",\"emailCc\":null,\"emailBcc\":null,\"problemCode\":null,\"pfleetGroup\":null,\"contactPerson\":\"\",\"pfleetTonerLevel\":null}"}
{"errorNum":12170,"level":"error","offset":0}
{"level":"info","message":"Send to Oracle -> {\"serialNumber\":\"VY98Z00956\",\"taskType\":\"Toner\",\"taskSummary\":\"printfleet:tonerlevel:6.00%\",\"contactNumber\":\"\",\"contactEmail\":\"\",\"emailSubject\":\"ram2\",\"emailFrom\":\"Hrutik Sunkad - Bangalore- Management Trainee <Hrutik.Sunkad@wepsol.com>\",\"emailTo\":\"Hrutik Sunkad - Bangalore- Management Trainee <Hrutik.Sunkad@wepsol.com>\",\"emailCc\":null,\"emailBcc\":null,\"problemCode\":null,\"pfleetGroup\":\"WeP Solutions Ltd\",\"contactPerson\":\"\",\"pfleetTonerLevel\":null}"}
{"errorNum":12170,"level":"error","offset":0}
{"level":"info","message":"Send to Oracle -> {\"serialNumber\":\"VY98Z00956\",\"taskType\":\"Toner\",\"taskSummary\":\"printfleet:tonerlevel:6.00%\",\"contactNumber\":\"\",\"contactEmail\":\"\",\"emailSubject\":\"ram1\",\"emailFrom\":\"Hrutik Sunkad - Bangalore- Management Trainee <Hrutik.Sunkad@wepsol.com>\",\"emailTo\":\"Hrutik Sunkad - Bangalore- Management Trainee <Hrutik.Sunkad@wepsol.com>\",\"emailCc\":null,\"emailBcc\":null,\"problemCode\":null,\"pfleetGroup\":\"WeP Solutions Ltd\",\"contactPerson\":\"\",\"pfleetTonerLevel\":null}"}
{"errorNum":12170,"level":"error","offset":0}
{"level":"info","message":"Connecting to Mail & Getting Message List"}
{"level":"info","message":"Unseen messages from inbox - 3"}
{"level":"info","message":"Send to Oracle -> {\"serialNumber\":\"\",\"taskType\":\"\",\"taskSummary\":\"\",\"contactNumber\":\"\",\"contactEmail\":\"\",\"emailSubject\":\"Fw: Au Bank Toner Alert\",\"emailFrom\":\"PNS Call Centre <pns.blrcc@wepsol.com>\",\"emailTo\":\"Hrutik Sunkad - Bangalore- Management Trainee <Hrutik.Sunkad@wepsol.com>\",\"emailCc\":null,\"emailBcc\":null,\"problemCode\":null,\"pfleetGroup\":null,\"contactPerson\":\"\",\"pfleetTonerLevel\":null}"}
{"errorNum":12170,"level":"error","offset":0}
{"level":"info","message":"Send to Oracle -> {\"serialNumber\":\"VY98Z00956\",\"taskType\":\"Toner\",\"taskSummary\":\"printfleet:tonerlevel:6.00%\",\"contactNumber\":\"\",\"contactEmail\":\"\",\"emailSubject\":\"ram2\",\"emailFrom\":\"Hrutik Sunkad - Bangalore- Management Trainee <Hrutik.Sunkad@wepsol.com>\",\"emailTo\":\"Hrutik Sunkad - Bangalore- Management Trainee <Hrutik.Sunkad@wepsol.com>\",\"emailCc\":null,\"emailBcc\":null,\"problemCode\":null,\"pfleetGroup\":\"WeP Solutions Ltd\",\"contactPerson\":\"\",\"pfleetTonerLevel\":null}"}
{"errorNum":12170,"level":"error","offset":0}
{"level":"info","message":"Send to Oracle -> {\"serialNumber\":\"VY98Z00956\",\"taskType\":\"Toner\",\"taskSummary\":\"printfleet:tonerlevel:6.00%\",\"contactNumber\":\"\",\"contactEmail\":\"\",\"emailSubject\":\"ram1\",\"emailFrom\":\"Hrutik Sunkad - Bangalore- Management Trainee <Hrutik.Sunkad@wepsol.com>\",\"emailTo\":\"Hrutik Sunkad - Bangalore- Management Trainee <Hrutik.Sunkad@wepsol.com>\",\"emailCc\":null,\"emailBcc\":null,\"problemCode\":null,\"pfleetGroup\":\"WeP Solutions Ltd\",\"contactPerson\":\"\",\"pfleetTonerLevel\":null}"}
{"errorNum":12170,"level":"error","offset":0}
{"level":"info","message":"Started"}
{"level":"info","message":"Connecting to Mail & Getting Message List"}
{"level":"info","message":"Unseen messages from inbox - 5"}
{"level":"info","message":"Send to Oracle -> {\"serialNumber\":\"\",\"taskType\":\"\",\"taskSummary\":\"\",\"contactNumber\":\"\",\"contactEmail\":\"\",\"emailSubject\":\"Re: Daily report\",\"emailFrom\":\"Riya Mathew - Bangalore – Software Engineer <Riya.Mathew@wepsol.com>\",\"emailTo\":\"Hrutik Sunkad - Bangalore- Management Trainee <Hrutik.Sunkad@wepsol.com>\",\"emailCc\":\"SV Ramana – Corporate – Technical Services <SV.Ramanakumar@wepsol.com>\",\"emailBcc\":null,\"problemCode\":null,\"pfleetGroup\":null,\"contactPerson\":\"\",\"pfleetTonerLevel\":null}"}
{"errorNum":12170,"level":"error","offset":0}
{"level":"info","message":"Send to Oracle -> {\"serialNumber\":\"VY98Z00956\",\"taskType\":\"Toner\",\"taskSummary\":\"printfleet:tonerlevel:6.00%\",\"contactNumber\":\"8617746826\",\"contactEmail\":\"Avirup.Majumdar@mjunction.in\",\"emailSubject\":\"wed3\",\"emailFrom\":\"Hrutik Sunkad - Bangalore- Management Trainee <Hrutik.Sunkad@wepsol.com>\",\"emailTo\":\"Hrutik Sunkad - Bangalore- Management Trainee <Hrutik.Sunkad@wepsol.com>\",\"emailCc\":null,\"emailBcc\":null,\"problemCode\":null,\"pfleetGroup\":\"WeP Solutions Ltd\",\"contactPerson\":\": Avirup Majumdar\",\"pfleetTonerLevel\":null}"}
{"errorNum":12170,"level":"error","offset":0}
{"level":"info","message":"Send to Oracle -> {\"serialNumber\":\"\",\"taskType\":\"\",\"taskSummary\":\"\",\"contactNumber\":\"\",\"contactEmail\":\"\",\"emailSubject\":\"Fw: Au Bank Toner Alert\",\"emailFrom\":\"PNS Call Centre <pns.blrcc@wepsol.com>\",\"emailTo\":\"Hrutik Sunkad - Bangalore- Management Trainee <Hrutik.Sunkad@wepsol.com>\",\"emailCc\":null,\"emailBcc\":null,\"problemCode\":null,\"pfleetGroup\":null,\"contactPerson\":\"\",\"pfleetTonerLevel\":null}"}
{"errorNum":12170,"level":"error","offset":0}
{"level":"info","message":"Send to Oracle -> {\"serialNumber\":\"VY98Z00956\",\"taskType\":\"Toner\",\"taskSummary\":\"printfleet:tonerlevel:6.00%\",\"contactNumber\":\"\",\"contactEmail\":\"\",\"emailSubject\":\"ram2\",\"emailFrom\":\"Hrutik Sunkad - Bangalore- Management Trainee <Hrutik.Sunkad@wepsol.com>\",\"emailTo\":\"Hrutik Sunkad - Bangalore- Management Trainee <Hrutik.Sunkad@wepsol.com>\",\"emailCc\":null,\"emailBcc\":null,\"problemCode\":null,\"pfleetGroup\":\"WeP Solutions Ltd\",\"contactPerson\":\"Avirup Majumdar\",\"pfleetTonerLevel\":null}"}
{"errorNum":12170,"level":"error","offset":0}
{"level":"info","message":"Send to Oracle -> {\"serialNumber\":\"VY98Z00956\",\"taskType\":\"Toner\",\"taskSummary\":\"printfleet:tonerlevel:6.00%\",\"contactNumber\":\"\",\"contactEmail\":\"\",\"emailSubject\":\"ram1\",\"emailFrom\":\"Hrutik Sunkad - Bangalore- Management Trainee <Hrutik.Sunkad@wepsol.com>\",\"emailTo\":\"Hrutik Sunkad - Bangalore- Management Trainee <Hrutik.Sunkad@wepsol.com>\",\"emailCc\":null,\"emailBcc\":null,\"problemCode\":null,\"pfleetGroup\":\"WeP Solutions Ltd\",\"contactPerson\":\"Avirup Majumdar\",\"pfleetTonerLevel\":null}"}
{"errorNum":12170,"level":"error","offset":0}
{"level":"info","message":"Connecting to Mail & Getting Message List"}
{"level":"info","message":"Unseen messages from inbox - 4"}
{"level":"info","message":"Send to Oracle -> {\"serialNumber\":\"VY98Z00956\",\"taskType\":\"Toner\",\"taskSummary\":\"printfleet:tonerlevel:6.00%\",\"contactNumber\":\"8617746826\",\"contactEmail\":\"Avirup.Majumdar@mjunction.in\",\"emailSubject\":\"wed3\",\"emailFrom\":\"Hrutik Sunkad - Bangalore- Management Trainee <Hrutik.Sunkad@wepsol.com>\",\"emailTo\":\"Hrutik Sunkad - Bangalore- Management Trainee <Hrutik.Sunkad@wepsol.com>\",\"emailCc\":null,\"emailBcc\":null,\"problemCode\":null,\"pfleetGroup\":\"WeP Solutions Ltd\",\"contactPerson\":\": Avirup Majumdar\",\"pfleetTonerLevel\":null}"}
{"errorNum":12170,"level":"error","offset":0}
{"level":"info","message":"Send to Oracle -> {\"serialNumber\":\"\",\"taskType\":\"\",\"taskSummary\":\"\",\"contactNumber\":\"\",\"contactEmail\":\"\",\"emailSubject\":\"Fw: Au Bank Toner Alert\",\"emailFrom\":\"PNS Call Centre <pns.blrcc@wepsol.com>\",\"emailTo\":\"Hrutik Sunkad - Bangalore- Management Trainee <Hrutik.Sunkad@wepsol.com>\",\"emailCc\":null,\"emailBcc\":null,\"problemCode\":null,\"pfleetGroup\":null,\"contactPerson\":\"\",\"pfleetTonerLevel\":null}"}
{"errorNum":12170,"level":"error","offset":0}
{"level":"info","message":"Send to Oracle -> {\"serialNumber\":\"VY98Z00956\",\"taskType\":\"Toner\",\"taskSummary\":\"printfleet:tonerlevel:6.00%\",\"contactNumber\":\"\",\"contactEmail\":\"\",\"emailSubject\":\"ram2\",\"emailFrom\":\"Hrutik Sunkad - Bangalore- Management Trainee <Hrutik.Sunkad@wepsol.com>\",\"emailTo\":\"Hrutik Sunkad - Bangalore- Management Trainee <Hrutik.Sunkad@wepsol.com>\",\"emailCc\":null,\"emailBcc\":null,\"problemCode\":null,\"pfleetGroup\":\"WeP Solutions Ltd\",\"contactPerson\":\"Avirup Majumdar\",\"pfleetTonerLevel\":null}"}
{"errorNum":12170,"level":"error","offset":0}
{"level":"info","message":"Send to Oracle -> {\"serialNumber\":\"VY98Z00956\",\"taskType\":\"Toner\",\"taskSummary\":\"printfleet:tonerlevel:6.00%\",\"contactNumber\":\"\",\"contactEmail\":\"\",\"emailSubject\":\"ram1\",\"emailFrom\":\"Hrutik Sunkad - Bangalore- Management Trainee <Hrutik.Sunkad@wepsol.com>\",\"emailTo\":\"Hrutik Sunkad - Bangalore- Management Trainee <Hrutik.Sunkad@wepsol.com>\",\"emailCc\":null,\"emailBcc\":null,\"problemCode\":null,\"pfleetGroup\":\"WeP Solutions Ltd\",\"contactPerson\":\"Avirup Majumdar\",\"pfleetTonerLevel\":null}"}
{"errorNum":12170,"level":"error","offset":0}
{"level":"info","message":"Started"}
{"level":"info","message":"Connecting to Mail & Getting Message List"}
{"level":"info","message":"Unseen messages from inbox - 4"}
{"level":"info","message":"Send to Oracle -> {\"serialNumber\":\"VY98Z00956\",\"taskType\":\"Toner\",\"taskSummary\":\"printfleet:tonerlevel:6.00%\",\"contactNumber\":\"8617746826\",\"contactEmail\":\"Avirup.Majumdar@mjunction.in\",\"emailSubject\":\"wed3\",\"emailFrom\":\"Hrutik Sunkad - Bangalore- Management Trainee <Hrutik.Sunkad@wepsol.com>\",\"emailTo\":\"Hrutik Sunkad - Bangalore- Management Trainee <Hrutik.Sunkad@wepsol.com>\",\"emailCc\":null,\"emailBcc\":null,\"problemCode\":null,\"pfleetGroup\":\"WeP Solutions Ltd\",\"contactPerson\":\": Avirup Majumdar\",\"pfleetTonerLevel\":null}"}
{"errorNum":12170,"level":"error","offset":0}
{"level":"info","message":"Send to Oracle -> {\"serialNumber\":\"\",\"taskType\":\"\",\"taskSummary\":\"\",\"contactNumber\":\"\",\"contactEmail\":\"\",\"emailSubject\":\"Fw: Au Bank Toner Alert\",\"emailFrom\":\"PNS Call Centre <pns.blrcc@wepsol.com>\",\"emailTo\":\"Hrutik Sunkad - Bangalore- Management Trainee <Hrutik.Sunkad@wepsol.com>\",\"emailCc\":null,\"emailBcc\":null,\"problemCode\":null,\"pfleetGroup\":null,\"contactPerson\":\"\",\"pfleetTonerLevel\":null}"}
{"errorNum":12170,"level":"error","offset":0}
{"level":"info","message":"Send to Oracle -> {\"serialNumber\":\"VY98Z00956\",\"taskType\":\"Toner\",\"taskSummary\":\"printfleet:tonerlevel:6.00%\",\"contactNumber\":\"\",\"contactEmail\":\"\",\"emailSubject\":\"ram2\",\"emailFrom\":\"Hrutik Sunkad - Bangalore- Management Trainee <Hrutik.Sunkad@wepsol.com>\",\"emailTo\":\"Hrutik Sunkad - Bangalore- Management Trainee <Hrutik.Sunkad@wepsol.com>\",\"emailCc\":null,\"emailBcc\":null,\"problemCode\":null,\"pfleetGroup\":\"WeP Solutions Ltd\",\"contactPerson\":\"Avirup Majumdar\",\"pfleetTonerLevel\":null}"}
{"errorNum":12170,"level":"error","offset":0}
{"level":"info","message":"Send to Oracle -> {\"serialNumber\":\"VY98Z00956\",\"taskType\":\"Toner\",\"taskSummary\":\"printfleet:tonerlevel:6.00%\",\"contactNumber\":\"\",\"contactEmail\":\"\",\"emailSubject\":\"ram1\",\"emailFrom\":\"Hrutik Sunkad - Bangalore- Management Trainee <Hrutik.Sunkad@wepsol.com>\",\"emailTo\":\"Hrutik Sunkad - Bangalore- Management Trainee <Hrutik.Sunkad@wepsol.com>\",\"emailCc\":null,\"emailBcc\":null,\"problemCode\":null,\"pfleetGroup\":\"WeP Solutions Ltd\",\"contactPerson\":\"Avirup Majumdar\",\"pfleetTonerLevel\":null}"}
{"errorNum":12170,"level":"error","offset":0}
{"level":"info","message":"Started"}
{"level":"info","message":"Connecting to Mail & Getting Message List"}
{"level":"info","message":"Unseen messages from inbox - 3"}
{"level":"info","message":"Send to Oracle -> {\"serialNumber\":\"\",\"taskType\":\"\",\"taskSummary\":\"\",\"contactNumber\":\"\",\"contactEmail\":\"\",\"emailSubject\":\"Fw: Au Bank Toner Alert\",\"emailFrom\":\"PNS Call Centre <pns.blrcc@wepsol.com>\",\"emailTo\":\"Hrutik Sunkad - Bangalore- Management Trainee <Hrutik.Sunkad@wepsol.com>\",\"emailCc\":null,\"emailBcc\":null,\"problemCode\":null,\"pfleetGroup\":null,\"contactPerson\":\"\",\"pfleetTonerLevel\":null}"}
{"errorNum":12170,"level":"error","offset":0}
{"level":"info","message":"Send to Oracle -> {\"serialNumber\":\"VY98Z00956\",\"taskType\":\"Toner\",\"taskSummary\":\"printfleet:tonerlevel:6.00%\",\"contactNumber\":\"\",\"contactEmail\":\"\",\"emailSubject\":\"ram2\",\"emailFrom\":\"Hrutik Sunkad - Bangalore- Management Trainee <Hrutik.Sunkad@wepsol.com>\",\"emailTo\":\"Hrutik Sunkad - Bangalore- Management Trainee <Hrutik.Sunkad@wepsol.com>\",\"emailCc\":null,\"emailBcc\":null,\"problemCode\":null,\"pfleetGroup\":\"WeP Solutions Ltd\",\"contactPerson\":\"Avirup Majumdar\",\"pfleetTonerLevel\":null}"}
{"errorNum":12170,"level":"error","offset":0}
{"level":"info","message":"Send to Oracle -> {\"serialNumber\":\"VY98Z00956\",\"taskType\":\"Toner\",\"taskSummary\":\"printfleet:tonerlevel:6.00%\",\"contactNumber\":\"\",\"contactEmail\":\"\",\"emailSubject\":\"ram1\",\"emailFrom\":\"Hrutik Sunkad - Bangalore- Management Trainee <Hrutik.Sunkad@wepsol.com>\",\"emailTo\":\"Hrutik Sunkad - Bangalore- Management Trainee <Hrutik.Sunkad@wepsol.com>\",\"emailCc\":null,\"emailBcc\":null,\"problemCode\":null,\"pfleetGroup\":\"WeP Solutions Ltd\",\"contactPerson\":\"Avirup Majumdar\",\"pfleetTonerLevel\":null}"}
{"errorNum":12170,"level":"error","offset":0}
{"level":"info","message":"Connecting to Mail & Getting Message List"}
{"level":"info","message":"Unseen messages from inbox - 2"}
{"level":"info","message":"Send to Oracle -> {\"serialNumber\":\"VY98Z00956\",\"taskType\":\"Toner\",\"taskSummary\":\"printfleet:tonerlevel:6.00%\",\"contactNumber\":\"\",\"contactEmail\":\"\",\"emailSubject\":\"ram2\",\"emailFrom\":\"Hrutik Sunkad - Bangalore- Management Trainee <Hrutik.Sunkad@wepsol.com>\",\"emailTo\":\"Hrutik Sunkad - Bangalore- Management Trainee <Hrutik.Sunkad@wepsol.com>\",\"emailCc\":null,\"emailBcc\":null,\"problemCode\":null,\"pfleetGroup\":\"WeP Solutions Ltd\",\"contactPerson\":\"Avirup Majumdar\",\"pfleetTonerLevel\":null}"}
{"errorNum":12170,"level":"error","offset":0}
{"level":"info","message":"Send to Oracle -> {\"serialNumber\":\"VY98Z00956\",\"taskType\":\"Toner\",\"taskSummary\":\"printfleet:tonerlevel:6.00%\",\"contactNumber\":\"\",\"contactEmail\":\"\",\"emailSubject\":\"ram1\",\"emailFrom\":\"Hrutik Sunkad - Bangalore- Management Trainee <Hrutik.Sunkad@wepsol.com>\",\"emailTo\":\"Hrutik Sunkad - Bangalore- Management Trainee <Hrutik.Sunkad@wepsol.com>\",\"emailCc\":null,\"emailBcc\":null,\"problemCode\":null,\"pfleetGroup\":\"WeP Solutions Ltd\",\"contactPerson\":\"Avirup Majumdar\",\"pfleetTonerLevel\":null}"}
{"errorNum":12170,"level":"error","offset":0}
{"level":"info","message":"Started"}
{"level":"info","message":"Connecting to Mail & Getting Message List"}
{"level":"info","message":"Unseen messages from inbox - 3"}
{"level":"info","message":"Send to Oracle -> {\"serialNumber\":\"VY98Z00956\",\"taskType\":\"Toner\",\"taskSummary\":\"printfleet:tonerlevel:6.00%\",\"contactNumber\":\"8617746826\",\"contactEmail\":\"Avirup.Majumdar@mjunction.in\",\"emailSubject\":\"wed\",\"emailFrom\":\"Hrutik Sunkad - Bangalore- Management Trainee <Hrutik.Sunkad@wepsol.com>\",\"emailTo\":\"Hrutik Sunkad - Bangalore- Management Trainee <Hrutik.Sunkad@wepsol.com>\",\"emailCc\":null,\"emailBcc\":null,\"problemCode\":null,\"pfleetGroup\":\"WeP Solutions Ltd\",\"contactPerson\":\"Avirup Majumdar\",\"pfleetTonerLevel\":null}"}
{"errorNum":12170,"level":"error","offset":0}
{"level":"info","message":"Send to Oracle -> {\"serialNumber\":\"VY98Z00956\",\"taskType\":\"Toner\",\"taskSummary\":\"printfleet:tonerlevel:6.00%\",\"contactNumber\":\"\",\"contactEmail\":\"\",\"emailSubject\":\"ram2\",\"emailFrom\":\"Hrutik Sunkad - Bangalore- Management Trainee <Hrutik.Sunkad@wepsol.com>\",\"emailTo\":\"Hrutik Sunkad - Bangalore- Management Trainee <Hrutik.Sunkad@wepsol.com>\",\"emailCc\":null,\"emailBcc\":null,\"problemCode\":null,\"pfleetGroup\":\"WeP Solutions Ltd\",\"contactPerson\":\"Avirup Majumdar\",\"pfleetTonerLevel\":null}"}
{"errorNum":12170,"level":"error","offset":0}
{"level":"info","message":"Send to Oracle -> {\"serialNumber\":\"VY98Z00956\",\"taskType\":\"Toner\",\"taskSummary\":\"printfleet:tonerlevel:6.00%\",\"contactNumber\":\"\",\"contactEmail\":\"\",\"emailSubject\":\"ram1\",\"emailFrom\":\"Hrutik Sunkad - Bangalore- Management Trainee <Hrutik.Sunkad@wepsol.com>\",\"emailTo\":\"Hrutik Sunkad - Bangalore- Management Trainee <Hrutik.Sunkad@wepsol.com>\",\"emailCc\":null,\"emailBcc\":null,\"problemCode\":null,\"pfleetGroup\":\"WeP Solutions Ltd\",\"contactPerson\":\"Avirup Majumdar\",\"pfleetTonerLevel\":null}"}
{"errorNum":12170,"level":"error","offset":0}
{"level":"info","message":"Connecting to Mail & Getting Message List"}
{"level":"info","message":"Unseen messages from inbox - 3"}
{"level":"info","message":"Send to Oracle -> {\"serialNumber\":\"VY98Z00956\",\"taskType\":\"Toner\",\"taskSummary\":\"printfleet:tonerlevel:6.00%\",\"contactNumber\":\"8617746826\",\"contactEmail\":\"Avirup.Majumdar@mjunction.in\",\"emailSubject\":\"wed\",\"emailFrom\":\"Hrutik Sunkad - Bangalore- Management Trainee <Hrutik.Sunkad@wepsol.com>\",\"emailTo\":\"Hrutik Sunkad - Bangalore- Management Trainee <Hrutik.Sunkad@wepsol.com>\",\"emailCc\":null,\"emailBcc\":null,\"problemCode\":null,\"pfleetGroup\":\"WeP Solutions Ltd\",\"contactPerson\":\"Avirup Majumdar\",\"pfleetTonerLevel\":null}"}
{"errorNum":12170,"level":"error","offset":0}
{"level":"info","message":"Send to Oracle -> {\"serialNumber\":\"VY98Z00956\",\"taskType\":\"Toner\",\"taskSummary\":\"printfleet:tonerlevel:6.00%\",\"contactNumber\":\"\",\"contactEmail\":\"\",\"emailSubject\":\"ram2\",\"emailFrom\":\"Hrutik Sunkad - Bangalore- Management Trainee <Hrutik.Sunkad@wepsol.com>\",\"emailTo\":\"Hrutik Sunkad - Bangalore- Management Trainee <Hrutik.Sunkad@wepsol.com>\",\"emailCc\":null,\"emailBcc\":null,\"problemCode\":null,\"pfleetGroup\":\"WeP Solutions Ltd\",\"contactPerson\":\"Avirup Majumdar\",\"pfleetTonerLevel\":null}"}
{"errorNum":12170,"level":"error","offset":0}
{"level":"info","message":"Send to Oracle -> {\"serialNumber\":\"VY98Z00956\",\"taskType\":\"Toner\",\"taskSummary\":\"printfleet:tonerlevel:6.00%\",\"contactNumber\":\"\",\"contactEmail\":\"\",\"emailSubject\":\"ram1\",\"emailFrom\":\"Hrutik Sunkad - Bangalore- Management Trainee <Hrutik.Sunkad@wepsol.com>\",\"emailTo\":\"Hrutik Sunkad - Bangalore- Management Trainee <Hrutik.Sunkad@wepsol.com>\",\"emailCc\":null,\"emailBcc\":null,\"problemCode\":null,\"pfleetGroup\":\"WeP Solutions Ltd\",\"contactPerson\":\"Avirup Majumdar\",\"pfleetTonerLevel\":null}"}
{"errorNum":12170,"level":"error","offset":0}
{"level":"info","message":"Connecting to Mail & Getting Message List"}
{"level":"info","message":"Unseen messages from inbox - 3"}
{"level":"info","message":"Send to Oracle -> {\"serialNumber\":\"VY98Z00956\",\"taskType\":\"Toner\",\"taskSummary\":\"printfleet:tonerlevel:6.00%\",\"contactNumber\":\"8617746826\",\"contactEmail\":\"Avirup.Majumdar@mjunction.in\",\"emailSubject\":\"wed\",\"emailFrom\":\"Hrutik Sunkad - Bangalore- Management Trainee <Hrutik.Sunkad@wepsol.com>\",\"emailTo\":\"Hrutik Sunkad - Bangalore- Management Trainee <Hrutik.Sunkad@wepsol.com>\",\"emailCc\":null,\"emailBcc\":null,\"problemCode\":null,\"pfleetGroup\":\"WeP Solutions Ltd\",\"contactPerson\":\"Avirup Majumdar\",\"pfleetTonerLevel\":null}"}
{"errorNum":12170,"level":"error","offset":0}
{"level":"info","message":"Send to Oracle -> {\"serialNumber\":\"VY98Z00956\",\"taskType\":\"Toner\",\"taskSummary\":\"printfleet:tonerlevel:6.00%\",\"contactNumber\":\"\",\"contactEmail\":\"\",\"emailSubject\":\"ram2\",\"emailFrom\":\"Hrutik Sunkad - Bangalore- Management Trainee <Hrutik.Sunkad@wepsol.com>\",\"emailTo\":\"Hrutik Sunkad - Bangalore- Management Trainee <Hrutik.Sunkad@wepsol.com>\",\"emailCc\":null,\"emailBcc\":null,\"problemCode\":null,\"pfleetGroup\":\"WeP Solutions Ltd\",\"contactPerson\":\"Avirup Majumdar\",\"pfleetTonerLevel\":null}"}
{"errorNum":12170,"level":"error","offset":0}
{"level":"info","message":"Send to Oracle -> {\"serialNumber\":\"VY98Z00956\",\"taskType\":\"Toner\",\"taskSummary\":\"printfleet:tonerlevel:6.00%\",\"contactNumber\":\"\",\"contactEmail\":\"\",\"emailSubject\":\"ram1\",\"emailFrom\":\"Hrutik Sunkad - Bangalore- Management Trainee <Hrutik.Sunkad@wepsol.com>\",\"emailTo\":\"Hrutik Sunkad - Bangalore- Management Trainee <Hrutik.Sunkad@wepsol.com>\",\"emailCc\":null,\"emailBcc\":null,\"problemCode\":null,\"pfleetGroup\":\"WeP Solutions Ltd\",\"contactPerson\":\"Avirup Majumdar\",\"pfleetTonerLevel\":null}"}
{"errorNum":12170,"level":"error","offset":0}
{"level":"info","message":"Started"}
{"level":"info","message":"Connecting to Mail & Getting Message List"}
{"level":"info","message":"Unseen messages from inbox - 4"}
{"level":"info","message":"Send to Oracle -> {\"serialNumber\":\"VY98Z00956\",\"taskType\":\"Toner\",\"taskSummary\":\"printfleet:tonerlevel:6.00%\",\"contactNumber\":\"8617746826\",\"contactEmail\":\"Avirup.Majumdar@mjunction.in\",\"emailSubject\":\"hello\",\"emailFrom\":\"Hrutik Sunkad - Bangalore- Management Trainee <Hrutik.Sunkad@wepsol.com>\",\"emailTo\":\"Hrutik Sunkad - Bangalore- Management Trainee <Hrutik.Sunkad@wepsol.com>\",\"emailCc\":null,\"emailBcc\":null,\"problemCode\":null,\"pfleetGroup\":\"WeP Solutions Ltd\",\"contactPerson\":\"Avirup Majumdar\",\"pfleetTonerLevel\":null}"}
{"errorNum":12170,"level":"error","offset":0}
{"body":"TypeError: fetch failed","code":"TypeError","date":"2023-11-22T05:21:59.126Z","level":"error","requestId":null,"statusCode":-1}
