{"level":"info","message":"Started"}
{"level":"info","message":"Connecting to Mail & Getting Message List"}
{"level":"info","message":"Unseen messages from inbox - 1"}
{"level":"info","message":"Send to Oracle -> {\"serialNumber\":\"VY92X06375\",\"taskType\":\"Toner\",\"taskSummary\":\"\",\"contactNumber\":\"8617746826\",\"contactEmail\":\"Avirup.Majumdar@mjunction.in\",\"emailSubject\":\"Warning Alert:  Toner Low   , Printer: ECOSYS M2640idw\",\"emailFrom\":\"printercounters@gmail.com\",\"emailTo\":\"lingaraju.s@wepsol.com, HrutikS@wepsol.com\",\"emailCc\":null,\"emailBcc\":null,\"problemCode\":null,\"pfleetGroup\":null,\"contactPerson\":\"Avirup Majumdar\",\"pfleetTonerLevel\":null}"}
{"level":"info","message":"Saved -> {\"P_PARSING_FOLDER\":\"PARSED_UNSUCCESS\",\"P_STATUS_CODE\":\"X\",\"P_STATUS_DESC\":\"SamedayDuplicateRequest\"}"}
{"level":"info","message":"Moved to PARSED_UNSUCCESS"}
{"level":"info","message":"Started"}
{"level":"info","message":"Connecting to Mail & Getting Message List"}
{"level":"info","message":"Unseen messages from inbox - 0"}
{"level":"info","message":"Connecting to Mail & Getting Message List"}
{"level":"info","message":"Unseen messages from inbox - 0"}
{"level":"info","message":"Started"}
{"level":"info","message":"Connecting to Mail & Getting Message List"}
{"level":"info","message":"Unseen messages from inbox - 1"}
{"level":"info","message":"Send to Oracle -> {\"serialNumber\":\"VY92X06375\",\"taskType\":\"Toner\",\"taskSummary\":\"\",\"contactNumber\":\"8617746826\",\"contactEmail\":\"Avirup.Majumdar@mjunction.in\",\"emailSubject\":\"Warning Alert:  Toner Low   , Printer: ECOSYS M2640idw\",\"emailFrom\":\"printercounters@gmail.com\",\"emailTo\":\"lingaraju.s@wepsol.com, HrutikS@wepsol.com\",\"emailCc\":null,\"emailBcc\":null,\"problemCode\":null,\"pfleetGroup\":null,\"contactPerson\":\"Avirup Majumdar\",\"pfleetTonerLevel\":null}"}
{"level":"info","message":"Saved -> {\"P_PARSING_FOLDER\":\"PARSED_UNSUCCESS\",\"P_STATUS_CODE\":\"X\",\"P_STATUS_DESC\":\"SamedayDuplicateRequest\"}"}
{"level":"info","message":"Moved to PARSED_UNSUCCESS"}
{"level":"info","message":"Started"}
{"level":"info","message":"Connecting to Mail & Getting Message List"}
{"level":"info","message":"Unseen messages from inbox - 0"}
{"level":"info","message":"Connecting to Mail & Getting Message List"}
{"level":"info","message":"Unseen messages from inbox - 0"}
{"level":"info","message":"Started"}
{"level":"info","message":"Connecting to Mail & Getting Message List"}
{"level":"info","message":"Unseen messages from inbox - 1"}
{"level":"info","message":"Send to Oracle -> {\"serialNumber\":\"VY92X06375\",\"taskType\":\"Toner\",\"taskSummary\":\"printcounter:tonerlevel:Level:\",\"contactNumber\":\"8617746826\",\"contactEmail\":\"Avirup.Majumdar@mjunction.in\",\"emailSubject\":\"Warning Alert:  Toner Low   , Printer: ECOSYS M2640idw\",\"emailFrom\":\"printercounters@gmail.com\",\"emailTo\":\"lingaraju.s@wepsol.com, HrutikS@wepsol.com\",\"emailCc\":null,\"emailBcc\":null,\"problemCode\":null,\"pfleetGroup\":null,\"contactPerson\":\"Avirup Majumdar\",\"pfleetTonerLevel\":null}"}
{"level":"info","message":"Saved -> {\"P_PARSING_FOLDER\":\"PARSED_UNSUCCESS\",\"P_STATUS_CODE\":\"X\",\"P_STATUS_DESC\":\"SamedayDuplicateRequest\"}"}
{"level":"info","message":"Moved to PARSED_UNSUCCESS"}
{"level":"info","message":"Connecting to Mail & Getting Message List"}
{"level":"info","message":"Unseen messages from inbox - 0"}
{"level":"info","message":"Connecting to Mail & Getting Message List"}
{"level":"info","message":"Unseen messages from inbox - 0"}
{"level":"info","message":"Started"}
{"level":"info","message":"Connecting to Mail & Getting Message List"}
{"level":"info","message":"Unseen messages from inbox - 4"}
{"level":"info","message":"Send to Oracle -> {\"serialNumber\":\"\",\"taskType\":\"\",\"taskSummary\":\"\",\"contactNumber\":\"\",\"contactEmail\":\"\",\"emailSubject\":\"Automatic reply: Warning Alert:  Toner Low   , Printer: ECOSYS M2640idw\",\"emailFrom\":\"PNS Call Centre <pns.blrcc@wepsol.com>\",\"emailTo\":\"Hrutik-Trainee -Software Engineer <Hrutik.Sunkad@wepsol.com>\",\"emailCc\":null,\"emailBcc\":null,\"problemCode\":null,\"pfleetGroup\":null,\"contactPerson\":\"\",\"pfleetTonerLevel\":null}"}
{"level":"info","message":"Saved -> {\"P_PARSING_FOLDER\":\"PARSED_UNSUCCESS\",\"P_STATUS_CODE\":\"X\",\"P_STATUS_DESC\":\"InvalidSerialNumber\"}"}
{"level":"info","message":"Moved to PARSED_UNSUCCESS"}
{"level":"info","message":"Send to Oracle -> {\"serialNumber\":\"VY92X06597\",\"taskType\":\"Toner\",\"taskSummary\":\"printcounter:tonerlevel:Level:\",\"contactNumber\":\"8617746826\",\"contactEmail\":\"Avirup.Majumdar@mjunction.in\",\"emailSubject\":\"Fw: Warning Alert:  Toner Low   , Printer: ECOSYS M2640idw\",\"emailFrom\":\"Hrutik Sunkad - Bangalore- Management Trainee <Hrutik.Sunkad@wepsol.com>\",\"emailTo\":\"Hrutik Sunkad - Bangalore- Management Trainee <Hrutik.Sunkad@wepsol.com>\",\"emailCc\":null,\"emailBcc\":null,\"problemCode\":null,\"pfleetGroup\":null,\"contactPerson\":\"Avirup Majumdar\",\"pfleetTonerLevel\":null}"}
{"level":"info","message":"Saved -> {\"P_PARSING_FOLDER\":\"PARSED_UNSUCCESS\",\"P_STATUS_CODE\":\"X\",\"P_STATUS_DESC\":\"ApprovalRequestInitiated\"}"}
{"level":"info","message":"Moved to PARSED_UNSUCCESS"}
{"level":"info","message":"Send to Oracle -> {\"serialNumber\":\"VY92X06597\",\"taskType\":\"Toner\",\"taskSummary\":\"printcounter:tonerlevel:Level:\",\"contactNumber\":\"8617746826\",\"contactEmail\":\"Avirup.Majumdar@mjunction.in\",\"emailSubject\":\"Fw: Warning Alert:  Toner Low   , Printer: ECOSYS M2640idw\",\"emailFrom\":\"Hrutik Sunkad - Bangalore- Management Trainee <Hrutik.Sunkad@wepsol.com>\",\"emailTo\":\"Hrutik Sunkad - Bangalore- Management Trainee <Hrutik.Sunkad@wepsol.com>\",\"emailCc\":null,\"emailBcc\":null,\"problemCode\":null,\"pfleetGroup\":null,\"contactPerson\":\"Avirup Majumdar\",\"pfleetTonerLevel\":null}"}
{"level":"info","message":"Saved -> {\"P_PARSING_FOLDER\":\"PARSED_UNSUCCESS\",\"P_STATUS_CODE\":\"X\",\"P_STATUS_DESC\":\"15DayApprovalPending\"}"}
{"level":"info","message":"Moved to PARSED_UNSUCCESS"}
{"level":"info","message":"Send to Oracle -> {\"serialNumber\":\"VY92X06597\",\"taskType\":\"Toner\",\"taskSummary\":\"printcounter:tonerlevel:Level:\",\"contactNumber\":\"8617746826\",\"contactEmail\":\"Avirup.Majumdar@mjunction.in\",\"emailSubject\":\"Warning Alert:  Toner Low   , Printer: ECOSYS M2640idw\",\"emailFrom\":\"printercounters@gmail.com\",\"emailTo\":\"lingaraju.s@wepsol.com, HrutikS@wepsol.com\",\"emailCc\":null,\"emailBcc\":null,\"problemCode\":null,\"pfleetGroup\":null,\"contactPerson\":\"Avirup Majumdar\",\"pfleetTonerLevel\":null}"}
{"level":"info","message":"Saved -> {\"P_PARSING_FOLDER\":\"PARSED_UNSUCCESS\",\"P_STATUS_CODE\":\"X\",\"P_STATUS_DESC\":\"15DayApprovalPending\"}"}
{"level":"info","message":"Moved to PARSED_UNSUCCESS"}
{"level":"info","message":"Connecting to Mail & Getting Message List"}
{"level":"info","message":"Unseen messages from inbox - 0"}
{"level":"info","message":"Started"}
{"level":"info","message":"Connecting to Mail & Getting Message List"}
{"level":"info","message":"Unseen messages from inbox - 1"}
{"level":"info","message":"Send to Oracle -> {\"serialNumber\":\"VY92X06375\",\"taskType\":\"Toner\",\"taskSummary\":\"printcounter:tonerlevel:Level:\",\"contactNumber\":\"8617746826\",\"contactEmail\":\"Avirup.Majumdar@mjunction.in\",\"emailSubject\":\"Warning Alert:  Toner Low   , Printer: ECOSYS M2640idw\",\"emailFrom\":\"printercounters@gmail.com\",\"emailTo\":\"lingaraju.s@wepsol.com, HrutikS@wepsol.com\",\"emailCc\":null,\"emailBcc\":null,\"problemCode\":null,\"pfleetGroup\":null,\"contactPerson\":\"Avirup Majumdar\",\"pfleetTonerLevel\":null}"}
{"errorNum":12170,"level":"error","offset":0}
{"level":"info","message":"Started"}
{"level":"info","message":"Connecting to Mail & Getting Message List"}
{"level":"info","message":"Unseen messages from inbox - 1"}
{"level":"info","message":"Send to Oracle -> {\"serialNumber\":\"VY92X06375\",\"taskType\":\"Toner\",\"taskSummary\":\"printcounter:tonerlevel:Level:\",\"contactNumber\":\"8617746826\",\"contactEmail\":\"Avirup.Majumdar@mjunction.in\",\"emailSubject\":\"Warning Alert:  Toner Low   , Printer: ECOSYS M2640idw\",\"emailFrom\":\"printercounters@gmail.com\",\"emailTo\":\"lingaraju.s@wepsol.com, HrutikS@wepsol.com\",\"emailCc\":null,\"emailBcc\":null,\"problemCode\":null,\"pfleetGroup\":null,\"contactPerson\":\"Avirup Majumdar\",\"pfleetTonerLevel\":null}"}
{"errorNum":12170,"level":"error","offset":0}
{"level":"info","message":"Connecting to Mail & Getting Message List"}
{"level":"info","message":"Unseen messages from inbox - 1"}
{"level":"info","message":"Send to Oracle -> {\"serialNumber\":\"VY92X06375\",\"taskType\":\"Toner\",\"taskSummary\":\"printcounter:tonerlevel:Level:\",\"contactNumber\":\"8617746826\",\"contactEmail\":\"Avirup.Majumdar@mjunction.in\",\"emailSubject\":\"Warning Alert:  Toner Low   , Printer: ECOSYS M2640idw\",\"emailFrom\":\"printercounters@gmail.com\",\"emailTo\":\"lingaraju.s@wepsol.com, HrutikS@wepsol.com\",\"emailCc\":null,\"emailBcc\":null,\"problemCode\":null,\"pfleetGroup\":null,\"contactPerson\":\"Avirup Majumdar\",\"pfleetTonerLevel\":null}"}
{"errorNum":12170,"level":"error","offset":0}
{"level":"info","message":"Connecting to Mail & Getting Message List"}
{"level":"info","message":"Unseen messages from inbox - 1"}
{"level":"info","message":"Send to Oracle -> {\"serialNumber\":\"VY92X06375\",\"taskType\":\"Toner\",\"taskSummary\":\"printcounter:tonerlevel:Level:\",\"contactNumber\":\"8617746826\",\"contactEmail\":\"Avirup.Majumdar@mjunction.in\",\"emailSubject\":\"Warning Alert:  Toner Low   , Printer: ECOSYS M2640idw\",\"emailFrom\":\"printercounters@gmail.com\",\"emailTo\":\"lingaraju.s@wepsol.com, HrutikS@wepsol.com\",\"emailCc\":null,\"emailBcc\":null,\"problemCode\":null,\"pfleetGroup\":null,\"contactPerson\":\"Avirup Majumdar\",\"pfleetTonerLevel\":null}"}
{"errorNum":12170,"level":"error","offset":0}
{"level":"info","message":"Connecting to Mail & Getting Message List"}
{"level":"info","message":"Unseen messages from inbox - 1"}
{"level":"info","message":"Send to Oracle -> {\"serialNumber\":\"VY92X06375\",\"taskType\":\"Toner\",\"taskSummary\":\"printcounter:tonerlevel:Level:\",\"contactNumber\":\"8617746826\",\"contactEmail\":\"Avirup.Majumdar@mjunction.in\",\"emailSubject\":\"Warning Alert:  Toner Low   , Printer: ECOSYS M2640idw\",\"emailFrom\":\"printercounters@gmail.com\",\"emailTo\":\"lingaraju.s@wepsol.com, HrutikS@wepsol.com\",\"emailCc\":null,\"emailBcc\":null,\"problemCode\":null,\"pfleetGroup\":null,\"contactPerson\":\"Avirup Majumdar\",\"pfleetTonerLevel\":null}"}
{"errorNum":12170,"level":"error","offset":0}
{"level":"info","message":"Connecting to Mail & Getting Message List"}
{"level":"info","message":"Unseen messages from inbox - 1"}
{"level":"info","message":"Send to Oracle -> {\"serialNumber\":\"VY92X06375\",\"taskType\":\"Toner\",\"taskSummary\":\"printcounter:tonerlevel:Level:\",\"contactNumber\":\"8617746826\",\"contactEmail\":\"Avirup.Majumdar@mjunction.in\",\"emailSubject\":\"Warning Alert:  Toner Low   , Printer: ECOSYS M2640idw\",\"emailFrom\":\"printercounters@gmail.com\",\"emailTo\":\"lingaraju.s@wepsol.com, HrutikS@wepsol.com\",\"emailCc\":null,\"emailBcc\":null,\"problemCode\":null,\"pfleetGroup\":null,\"contactPerson\":\"Avirup Majumdar\",\"pfleetTonerLevel\":null}"}
{"errorNum":12170,"level":"error","offset":0}
{"level":"info","message":"Started"}
{"level":"info","message":"Connecting to Mail & Getting Message List"}
{"level":"info","message":"Unseen messages from inbox - 1"}
{"level":"info","message":"Send to Oracle -> {\"serialNumber\":\"VY92X06375\",\"taskType\":\"Toner\",\"taskSummary\":\"printcounter:tonerlevel:Level:\",\"contactNumber\":\"8617746826\",\"contactEmail\":\"Avirup.Majumdar@mjunction.in\",\"emailSubject\":\"Warning Alert:  Toner Low   , Printer: ECOSYS M2640idw\",\"emailFrom\":\"printercounters@gmail.com\",\"emailTo\":\"lingaraju.s@wepsol.com, HrutikS@wepsol.com\",\"emailCc\":null,\"emailBcc\":null,\"problemCode\":null,\"pfleetGroup\":null,\"contactPerson\":\"Avirup Majumdar\",\"pfleetTonerLevel\":null}"}
{"level":"info","message":"Saved -> {\"P_PARSING_FOLDER\":\"PARSED_UNSUCCESS\",\"P_STATUS_CODE\":\"X\",\"P_STATUS_DESC\":\"SamedayDuplicateRequest\"}"}
{"level":"info","message":"Moved to PARSED_UNSUCCESS"}
{"level":"info","message":"Connecting to Mail & Getting Message List"}
{"level":"info","message":"Unseen messages from inbox - 0"}
{"level":"info","message":"Started"}
{"level":"info","message":"Connecting to Mail & Getting Message List"}
{"level":"info","message":"Unseen messages from inbox - 1"}
{"level":"info","message":"Send to Oracle -> {\"serialNumber\":\"VY92X06375\",\"taskType\":\"Toner\",\"taskSummary\":\"printcounter:tonerlevel:Level:\",\"contactNumber\":\"8617746826\",\"contactEmail\":\"Avirup.Majumdar@mjunction.in\",\"emailSubject\":\"Warning Alert:  Toner Low   , Printer: ECOSYS M2640idw\",\"emailFrom\":\"printercounters@gmail.com\",\"emailTo\":\"lingaraju.s@wepsol.com, HrutikS@wepsol.com\",\"emailCc\":null,\"emailBcc\":null,\"problemCode\":null,\"pfleetGroup\":null,\"contactPerson\":\"Avirup Majumdar\",\"pfleetTonerLevel\":null}"}
{"level":"info","message":"Saved -> {\"P_PARSING_FOLDER\":\"PARSED_UNSUCCESS\",\"P_STATUS_CODE\":\"X\",\"P_STATUS_DESC\":\"SamedayDuplicateRequest\"}"}
{"level":"info","message":"Moved to PARSED_UNSUCCESS"}
{"level":"info","message":"Connecting to Mail & Getting Message List"}
{"level":"info","message":"Unseen messages from inbox - 0"}
{"level":"info","message":"Started"}
{"level":"info","message":"Connecting to Mail & Getting Message List"}
{"level":"info","message":"Unseen messages from inbox - 1"}
{"level":"info","message":"Send to Oracle -> {\"serialNumber\":\"VY92X06375\",\"taskType\":\"Toner\",\"taskSummary\":\"printcounter:tonerlevel:Level:\",\"contactNumber\":\"8617746826\",\"contactEmail\":\"Avirup.Majumdar@mjunction.in\",\"emailSubject\":\"Warning Alert:  Toner Low   , Printer: ECOSYS M2640idw\",\"emailFrom\":\"printercounters@gmail.com\",\"emailTo\":\"lingaraju.s@wepsol.com, HrutikS@wepsol.com\",\"emailCc\":null,\"emailBcc\":null,\"problemCode\":null,\"pfleetGroup\":null,\"contactPerson\":\"Avirup Majumdar\",\"pfleetTonerLevel\":null}"}
{"errorNum":12170,"level":"error","offset":0}
{"level":"info","message":"Connecting to Mail & Getting Message List"}
{"level":"info","message":"Unseen messages from inbox - 1"}
{"level":"info","message":"Send to Oracle -> {\"serialNumber\":\"VY92X06375\",\"taskType\":\"Toner\",\"taskSummary\":\"printcounter:tonerlevel:Level:\",\"contactNumber\":\"8617746826\",\"contactEmail\":\"Avirup.Majumdar@mjunction.in\",\"emailSubject\":\"Warning Alert:  Toner Low   , Printer: ECOSYS M2640idw\",\"emailFrom\":\"printercounters@gmail.com\",\"emailTo\":\"lingaraju.s@wepsol.com, HrutikS@wepsol.com\",\"emailCc\":null,\"emailBcc\":null,\"problemCode\":null,\"pfleetGroup\":null,\"contactPerson\":\"Avirup Majumdar\",\"pfleetTonerLevel\":null}"}
{"errorNum":12170,"level":"error","offset":0}
{"level":"info","message":"Started"}
{"level":"info","message":"Connecting to Mail & Getting Message List"}
{"level":"info","message":"Unseen messages from inbox - 2"}
{"level":"info","message":"Send to Oracle -> {\"serialNumber\":\"V4G6605412\",\"taskType\":\"Support\",\"taskSummary\":\"Machine failure\",\"contactNumber\":\"1111111111\",\"contactEmail\":\"snikdha.baruah@kotak.com<mailto:snikdha.baruah@kotak.com>\",\"emailSubject\":\"Fw: BG1E Printer issue\",\"emailFrom\":\"Hrutik-Trainee -Software Engineer <Hrutik.Sunkad@wepsol.com>\",\"emailTo\":\"Hrutik-Trainee -Software Engineer <Hrutik.Sunkad@wepsol.com>\",\"emailCc\":null,\"emailBcc\":null,\"problemCode\":null,\"pfleetGroup\":null,\"contactPerson\":\"PNS CC\",\"pfleetTonerLevel\":null}"}
{"errorNum":12170,"level":"error","offset":0}
{"level":"info","message":"Send to Oracle -> {\"serialNumber\":\"VY92X06375\",\"taskType\":\"Toner\",\"taskSummary\":\"printcounter:tonerlevel:Level:\",\"contactNumber\":\"8617746826\",\"contactEmail\":\"Avirup.Majumdar@mjunction.in\",\"emailSubject\":\"Warning Alert:  Toner Low   , Printer: ECOSYS M2640idw\",\"emailFrom\":\"printercounters@gmail.com\",\"emailTo\":\"lingaraju.s@wepsol.com, HrutikS@wepsol.com\",\"emailCc\":null,\"emailBcc\":null,\"problemCode\":null,\"pfleetGroup\":null,\"contactPerson\":\"Avirup Majumdar\",\"pfleetTonerLevel\":null}"}
{"errorNum":12170,"level":"error","offset":0}
{"level":"info","message":"Started"}
{"level":"info","message":"Connecting to Mail & Getting Message List"}
{"level":"info","message":"Unseen messages from inbox - 3"}
{"level":"info","message":"Send to Oracle -> {\"serialNumber\":\"VYD8104829\",\"taskType\":\"Toner\",\"taskSummary\":\"printfleet:tonerlevel:undefined\",\"contactNumber\":\"9620734372\",\"contactEmail\":\"hello12@gmail.com\",\"emailSubject\":\"PRINT_FLEET_REQUEST\",\"emailFrom\":\"Hrutik-Trainee -Software Engineer <Hrutik.Sunkad@wepsol.com>\",\"emailTo\":\"Hrutik-Trainee -Software Engineer <Hrutik.Sunkad@wepsol.com>\",\"emailCc\":null,\"emailBcc\":null,\"problemCode\":\"COLOR\",\"pfleetGroup\":null,\"contactPerson\":\"Varun\",\"pfleetTonerLevel\":\"Black\"}"}
{"errorNum":12170,"level":"error","offset":0}
{"level":"info","message":"Send to Oracle -> {\"serialNumber\":\"V4G6605412\",\"taskType\":\"Support\",\"taskSummary\":\"Machine failure\",\"contactNumber\":\"1111111111\",\"contactEmail\":\"snikdha.baruah@kotak.com<mailto:snikdha.baruah@kotak.com>\",\"emailSubject\":\"Fw: BG1E Printer issue\",\"emailFrom\":\"Hrutik-Trainee -Software Engineer <Hrutik.Sunkad@wepsol.com>\",\"emailTo\":\"Hrutik-Trainee -Software Engineer <Hrutik.Sunkad@wepsol.com>\",\"emailCc\":null,\"emailBcc\":null,\"problemCode\":null,\"pfleetGroup\":null,\"contactPerson\":\"PNS CC\",\"pfleetTonerLevel\":null}"}
{"errorNum":12170,"level":"error","offset":0}
{"level":"info","message":"Send to Oracle -> {\"serialNumber\":\"VY92X06375\",\"taskType\":\"Toner\",\"taskSummary\":\"printcounter:tonerlevel:Level:\",\"contactNumber\":\"8617746826\",\"contactEmail\":\"Avirup.Majumdar@mjunction.in\",\"emailSubject\":\"Warning Alert:  Toner Low   , Printer: ECOSYS M2640idw\",\"emailFrom\":\"printercounters@gmail.com\",\"emailTo\":\"lingaraju.s@wepsol.com, HrutikS@wepsol.com\",\"emailCc\":null,\"emailBcc\":null,\"problemCode\":null,\"pfleetGroup\":null,\"contactPerson\":\"Avirup Majumdar\",\"pfleetTonerLevel\":null}"}
{"errorNum":12170,"level":"error","offset":0}
