{"level":"info","message":"Connecting to Mail & Getting Message List"}
{"level":"info","message":"Unseen messages from inbox - 0"}
{"level":"info","message":"Connecting to Mail & Getting Message List"}
{"level":"info","message":"Unseen messages from inbox - 1"}
{"level":"info","message":"Connecting to Mail & Getting Message List"}
{"level":"info","message":"Unseen messages from inbox - 0"}
{"level":"info","message":"Connecting to Mail & Getting Message List"}
{"level":"info","message":"Unseen messages from inbox - 0"}
{"level":"info","message":"Connecting to Mail & Getting Message List"}
{"level":"info","message":"Unseen messages from inbox - 0"}
{"level":"info","message":"Connecting to Mail & Getting Message List"}
{"level":"info","message":"Unseen messages from inbox - 0"}
{"level":"info","message":"Connecting to Mail & Getting Message List"}
{"level":"info","message":"Unseen messages from inbox - 0"}
{"level":"info","message":"Connecting to Mail & Getting Message List"}
{"level":"info","message":"Unseen messages from inbox - 0"}
{"level":"info","message":"Connecting to Mail & Getting Message List"}
{"level":"info","message":"Unseen messages from inbox - 0"}
{"level":"info","message":"Connecting to Mail & Getting Message List"}
{"level":"info","message":"Unseen messages from inbox - 0"}
{"level":"info","message":"Connecting to Mail & Getting Message List"}
{"level":"info","message":"Unseen messages from inbox - 0"}
{"level":"info","message":"Connecting to Mail & Getting Message List"}
{"level":"info","message":"Unseen messages from inbox - 0"}
{"level":"info","message":"Connecting to Mail & Getting Message List"}
{"level":"info","message":"Unseen messages from inbox - 0"}
{"level":"info","message":"Connecting to Mail & Getting Message List"}
{"level":"info","message":"Unseen messages from inbox - 0"}
{"level":"info","message":"Connecting to Mail & Getting Message List"}
{"level":"info","message":"Unseen messages from inbox - 0"}
{"level":"info","message":"Connecting to Mail & Getting Message List"}
{"level":"info","message":"Unseen messages from inbox - 0"}
{"level":"info","message":"Connecting to Mail & Getting Message List"}
{"level":"info","message":"Unseen messages from inbox - 0"}
{"level":"info","message":"Connecting to Mail & Getting Message List"}
{"level":"info","message":"Unseen messages from inbox - 0"}
{"level":"info","message":"Connecting to Mail & Getting Message List"}
{"level":"info","message":"Unseen messages from inbox - 0"}
{"level":"info","message":"Connecting to Mail & Getting Message List"}
{"level":"info","message":"Unseen messages from inbox - 1"}
{"level":"info","message":"Send to Oracle -> {\"serialNumber\":\"VYB9724607\",\"taskType\":\"Toner\",\"taskSummary\":\"printfleet:tonerlevel:30%\",\"contactNumber\":\"7490956939\",\"contactEmail\":\"rupesh.engle@kotak.com\",\"emailSubject\":\"PRINT_FLEET_REQUEST\",\"emailFrom\":\"Support <do-not-reply@printfleet.com>\",\"emailTo\":\"rc.kotak@wepsol.com, kli.wep-supportdesk@kotak.com, pns.blrcc@wepindia.com, dms.support@wepmps.com, support.executive1@wepsol.in, mps.csat@wepsol.in\",\"emailCc\":null,\"emailBcc\":null,\"problemCode\":\"BLACK\",\"pfleetGroup\":null,\"contactPerson\":\"\",\"pfleetTonerLevel\":\"Black 30%\"}"}
{"level":"info","message":"Saved -> {\"P_PARSING_FOLDER\":\"PARSED_UNSUCCESS\",\"P_STATUS_CODE\":\"X\",\"P_STATUS_DESC\":\"ApprovalRequestInitiated\"}"}
{"level":"info","message":"Moved to PARSED_UNSUCCESS"}
{"level":"info","message":"Connecting to Mail & Getting Message List"}
{"level":"info","message":"Unseen messages from inbox - 0"}
{"level":"info","message":"Started"}
{"level":"info","message":"Connecting to Mail & Getting Message List"}
{"level":"info","message":"Unseen messages from inbox - 0"}
{"level":"info","message":"Connecting to Mail & Getting Message List"}
{"level":"info","message":"Unseen messages from inbox - 0"}
{"level":"info","message":"Connecting to Mail & Getting Message List"}
{"level":"info","message":"Unseen messages from inbox - 0"}
{"level":"info","message":"Connecting to Mail & Getting Message List"}
{"level":"info","message":"Unseen messages from inbox - 0"}
{"level":"info","message":"Connecting to Mail & Getting Message List"}
{"level":"info","message":"Unseen messages from inbox - 0"}
{"level":"info","message":"Connecting to Mail & Getting Message List"}
{"level":"info","message":"Unseen messages from inbox - 0"}
{"level":"info","message":"Connecting to Mail & Getting Message List"}
{"level":"info","message":"Unseen messages from inbox - 1"}
{"level":"info","message":"Send to Oracle -> {\"serialNumber\":\"V4J6600483\",\"taskType\":\"Support\",\"taskSummary\":\"paper is getting JAM.\",\"contactNumber\":\"8610876571\",\"contactEmail\":\"Krishnamoorthy.Sivaprasath@relianceada.com\",\"emailSubject\":\"Kindly log a call........................Request ID : 481642\",\"emailFrom\":\"ITIS Vendor Lead <itisrcl.vendorlead@relianceada.com>\",\"emailTo\":\"PNS Call Centre <pns.blrcc@wepindia.com>, Rlife Wepsupport <Rlife.Wepsupport@relianceada.com>\",\"emailCc\":\"Roshan Vasant Tare/RLI/IT <Roshan.Tare@relianceada.com>, Vijayabaskar D <Vijaya.D.Baskar@relianceada.com>, Sanket Karanje <Sanket.Karanje@relianceada.com>, KRISHNAMOORTHY SIVAPRASATH/RLI/Branch Operatn. <Krishnamoorthy.Sivaprasath@relianceada.com>\",\"emailBcc\":null,\"problemCode\":null,\"pfleetGroup\":null,\"contactPerson\":\"KRISHNAMOORTHY SIVAPRASATH\",\"pfleetTonerLevel\":null}"}
{"level":"error"}
{"level":"info","message":"Connecting to Mail & Getting Message List"}
{"level":"info","message":"Unseen messages from inbox - 0"}
{"level":"info","message":"Connecting to Mail & Getting Message List"}
{"level":"info","message":"Unseen messages from inbox - 0"}
{"level":"info","message":"Connecting to Mail & Getting Message List"}
{"level":"info","message":"Unseen messages from inbox - 0"}
{"level":"info","message":"Connecting to Mail & Getting Message List"}
{"level":"info","message":"Unseen messages from inbox - 0"}
{"level":"info","message":"Connecting to Mail & Getting Message List"}
{"level":"info","message":"Unseen messages from inbox - 0"}
{"level":"info","message":"Connecting to Mail & Getting Message List"}
{"level":"info","message":"Unseen messages from inbox - 0"}
{"level":"info","message":"Connecting to Mail & Getting Message List"}
{"level":"info","message":"Unseen messages from inbox - 1"}
{"level":"info","message":"Send to Oracle -> {\"serialNumber\":\"\",\"taskType\":\"\",\"taskSummary\":\"\",\"contactNumber\":\"\",\"contactEmail\":\"\",\"emailSubject\":\"Non Termination Pending Tasks AS ON Thursday  16-NOV-2023 16:00:05.\",\"emailFrom\":\"psd.oracle2@wepsol.in\",\"emailTo\":\"CSE.Ahmedabad@wepsol.in, cse.chennai@wepsol.in, AM1.Delhi@wepsol.in, am1.bangalore@wepsol.com, am3.bangalore@wepsol.in, CSE.Bangalore@wepsol.com, CSE.Pune@wepsol.com, CSE.Guwahati@wepsol.in, cse.jaipur@wepsol.com, customer.support@wepsol.com, cse.cochin@wepsol.in, cse.chennai@wepsol.in, am1.cochin@wepsol.in, Neeraj.singh@wepsol.com, am4.bangalore@wepsol.in, am.jaipur@wepsol.com, am1.chennai@wepsol.in, am2.delhi@wepsol.in, CSE.Hyderabad@wepsol.com, cse.delhi@wepsol.com, cse.jaipur@wepsol.com, cse.chandigarh@wepsol.in, cse.delhi@wepsol.com, chandrakanth.khandelwal@wepsol.in, am1.kolkata@wepsol.com, am2.bangalore@wepsol.com, eam1.mumbai@wepsol.in, am1.ahmedabad@wepsol.com, am1.hyderabad@wepsol.in, am2.hyderabad@wepsol.in, rahul.sengupta@wepindia.com, am5.bangalore@wepsol.com, am3.mumbai@wepsol.com, am3k@wepindia.com, AM4.Mumbai@wepsol.in, cse.mumbai@wepsol.com, EAM2.Mumbai@wepsol.in, AM2.Chennai@wepsol.in, manikya.reddy@wepindia.com, Nisar.Shah@wepsol.in, nisar.shah@wepsol.in, manikya.reddy@wepindia.com, UIICExecutive.Chenn <ai@wepsol.in>, cse.kolkata@wepsol.in, AM5.Mumbai@wepsol.com, am4.delhi@wepsol.in, prashi.khare@wepsol.com, kamlesh.gupta@wepsol.in, wsb@wepindia.com, logistics.pns3@wepsol.in, preethi.m@wepsol.com, abhiram.s@wepsol.in, opsmgr@wepsol.in, lingaraju.s@wepindia.com, logistics.pns3@wepsol.in, rse2.mumbai@wepsol.in, rahul.singh@wepsol.in, revati.jadhav@wepsol.in, rc.ub@wepsol.in, rse1.delhi@wepsol.in, sk.goyal@wepsol.in, jayaraju.s@wepindia.com, logistics.pns@wepindia.com, mps.csat@wepsol.in, rse1.kolkatta@wepsol.in, sales.projectcord@wepsol.in, logistics.pns2@wepsol.in, support.executive1@wepsol.in, mps.project@wepsol.in\",\"emailCc\":\"jayaraju.s@wepindia.com, amit.singh@wepsol.com, kamlesh.gupta@wepsol.com\",\"emailBcc\":null,\"problemCode\":null,\"pfleetGroup\":null,\"contactPerson\":\"\",\"pfleetTonerLevel\":null}"}
{"level":"info","message":"Saved -> {\"P_PARSING_FOLDER\":\"PARSED_UNSUCCESS\",\"P_STATUS_CODE\":\"X\",\"P_STATUS_DESC\":\"SYSTEM_EMAIL\"}"}
{"body":"{\"code\":\"ErrorItemNotFound\",\"message\":\"The specified object was not found in the store., The process failed to get the correct properties.\"}","code":"ErrorItemNotFound","date":"2023-11-16T10:46:18.763Z","headers":{},"level":"error","requestId":null,"statusCode":404}
{"level":"info","message":"Connecting to Mail & Getting Message List"}
{"level":"info","message":"Unseen messages from inbox - 0"}
{"level":"info","message":"Connecting to Mail & Getting Message List"}
{"level":"info","message":"Unseen messages from inbox - 0"}
{"level":"info","message":"Connecting to Mail & Getting Message List"}
{"level":"info","message":"Unseen messages from inbox - 0"}
{"level":"info","message":"Connecting to Mail & Getting Message List"}
{"level":"info","message":"Unseen messages from inbox - 0"}
{"level":"info","message":"Connecting to Mail & Getting Message List"}
{"level":"info","message":"Unseen messages from inbox - 0"}
{"level":"info","message":"Connecting to Mail & Getting Message List"}
{"level":"info","message":"Unseen messages from inbox - 0"}
{"level":"info","message":"Connecting to Mail & Getting Message List"}
{"level":"info","message":"Unseen messages from inbox - 0"}
{"level":"info","message":"Connecting to Mail & Getting Message List"}
{"level":"info","message":"Unseen messages from inbox - 0"}
{"level":"info","message":"Connecting to Mail & Getting Message List"}
{"level":"info","message":"Unseen messages from inbox - 0"}
