{"level":"info","message":"Connecting to Mail & Getting Message List"}
{"level":"info","message":"Unseen messages from inbox - 0"}
{"level":"info","message":"Started"}
{"level":"info","message":"Connecting to Mail & Getting Message List"}
{"level":"info","message":"Unseen messages from inbox - 1"}
{"level":"info","message":"Send to Oracle -> {\"serialNumber\":\"\",\"taskType\":\"Black Toner\",\"taskSummary\":\"printfleet:tonerlevel:6.00%\",\"contactNumber\":\"\",\"contactEmail\":\"\",\"emailSubject\":\"hi\",\"emailFrom\":\"Hrutik Sunkad - Bangalore- Management Trainee <Hrutik.Sunkad@wepsol.com>\",\"emailTo\":\"Hrutik Sunkad - Bangalore- Management Trainee <Hrutik.Sunkad@wepsol.com>\",\"emailCc\":null,\"emailBcc\":null,\"problemCode\":null,\"pfleetGroup\":\"WeP Solutions Ltd\",\"contactPerson\":\"\",\"pfleetTonerLevel\":null}"}
{"level":"info","message":"Saved -> {\"P_PARSING_FOLDER\":\"PARSED_UNSUCCESS\",\"P_STATUS_CODE\":\"X\",\"P_STATUS_DESC\":\"InvalidSerialNumber\"}"}
{"level":"info","message":"Moved to PARSED_UNSUCCESS"}
{"level":"info","message":"Connecting to Mail & Getting Message List"}
{"level":"info","message":"Unseen messages from inbox - 0"}
{"level":"info","message":"Connecting to Mail & Getting Message List"}
{"level":"info","message":"Unseen messages from inbox - 0"}
{"level":"info","message":"Connecting to Mail & Getting Message List"}
{"level":"info","message":"Unseen messages from inbox - 0"}
{"level":"info","message":"Connecting to Mail & Getting Message List"}
{"level":"info","message":"Unseen messages from inbox - 0"}
{"level":"info","message":"Started"}
{"level":"info","message":"Connecting to Mail & Getting Message List"}
{"level":"info","message":"Unseen messages from inbox - 1"}
{"level":"info","message":"Send to Oracle -> {\"serialNumber\":\"VY92905810\",\"taskType\":\": Black Toner\",\"taskSummary\":\"printfleet:tonerlevel:6.00%\",\"contactNumber\":\"8617746826\",\"contactEmail\":\"Avirup.Majumdar@mjunction.in\",\"emailSubject\":\"hi\",\"emailFrom\":\"Hrutik Sunkad - Bangalore- Management Trainee <Hrutik.Sunkad@wepsol.com>\",\"emailTo\":\"Hrutik Sunkad - Bangalore- Management Trainee <Hrutik.Sunkad@wepsol.com>\",\"emailCc\":null,\"emailBcc\":null,\"problemCode\":null,\"pfleetGroup\":\"WeP Solutions Ltd\",\"contactPerson\":\"Avirup Majumdar\",\"pfleetTonerLevel\":null}"}
{"level":"info","message":"Saved -> {\"P_PARSING_FOLDER\":\"PARSED_UNSUCCESS\",\"P_STATUS_CODE\":\"X\",\"P_STATUS_DESC\":\"InvalidTaskType\"}"}
{"level":"info","message":"Moved to PARSED_UNSUCCESS"}
{"level":"info","message":"Connecting to Mail & Getting Message List"}
{"level":"info","message":"Unseen messages from inbox - 0"}
{"level":"info","message":"Connecting to Mail & Getting Message List"}
{"level":"info","message":"Unseen messages from inbox - 0"}
{"level":"info","message":"Started"}
{"level":"info","message":"Connecting to Mail & Getting Message List"}
{"level":"info","message":"Unseen messages from inbox - 1"}
{"level":"info","message":"Send to Oracle -> {\"serialNumber\":\"VY92905810\",\"taskType\":\": Black Toner\",\"taskSummary\":\"printfleet:tonerlevel:6.00%\",\"contactNumber\":\"8617746826\",\"contactEmail\":\"Avirup.Majumdar@mjunction.in\",\"emailSubject\":\"hi\",\"emailFrom\":\"Hrutik Sunkad - Bangalore- Management Trainee <Hrutik.Sunkad@wepsol.com>\",\"emailTo\":\"Hrutik Sunkad - Bangalore- Management Trainee <Hrutik.Sunkad@wepsol.com>\",\"emailCc\":null,\"emailBcc\":null,\"problemCode\":null,\"pfleetGroup\":\"WeP Solutions Ltd\",\"contactPerson\":\"Avirup Majumdar\",\"pfleetTonerLevel\":null}"}
{"level":"info","message":"Saved -> {\"P_PARSING_FOLDER\":\"PARSED_UNSUCCESS\",\"P_STATUS_CODE\":\"X\",\"P_STATUS_DESC\":\"InvalidTaskType\"}"}
{"level":"info","message":"Moved to PARSED_UNSUCCESS"}
{"level":"info","message":"Connecting to Mail & Getting Message List"}
{"level":"info","message":"Unseen messages from inbox - 0"}
{"level":"info","message":"Connecting to Mail & Getting Message List"}
{"level":"info","message":"Unseen messages from inbox - 0"}
{"level":"info","message":"Connecting to Mail & Getting Message List"}
{"level":"info","message":"Unseen messages from inbox - 0"}
{"level":"info","message":"Connecting to Mail & Getting Message List"}
{"level":"info","message":"Unseen messages from inbox - 0"}
{"level":"info","message":"Connecting to Mail & Getting Message List"}
{"level":"info","message":"Unseen messages from inbox - 0"}
{"level":"info","message":"Connecting to Mail & Getting Message List"}
{"level":"info","message":"Unseen messages from inbox - 0"}
{"level":"info","message":"Connecting to Mail & Getting Message List"}
{"level":"info","message":"Unseen messages from inbox - 0"}
{"level":"info","message":"Connecting to Mail & Getting Message List"}
{"level":"info","message":"Unseen messages from inbox - 0"}
{"level":"info","message":"Connecting to Mail & Getting Message List"}
{"level":"info","message":"Unseen messages from inbox - 0"}
{"level":"info","message":"Connecting to Mail & Getting Message List"}
{"level":"info","message":"Unseen messages from inbox - 0"}
{"level":"info","message":"Started"}
{"level":"info","message":"Connecting to Mail & Getting Message List"}
{"level":"info","message":"Unseen messages from inbox - 1"}
{"level":"info","message":"Send to Oracle -> {\"serialNumber\":\"VY92905810\",\"taskType\":\"Black Toner\",\"taskSummary\":\"printfleet:tonerlevel:6.00%\",\"contactNumber\":\"8617746826\",\"contactEmail\":\"Avirup.Majumdar@mjunction.in\",\"emailSubject\":\"hi\",\"emailFrom\":\"Hrutik Sunkad - Bangalore- Management Trainee <Hrutik.Sunkad@wepsol.com>\",\"emailTo\":\"Hrutik Sunkad - Bangalore- Management Trainee <Hrutik.Sunkad@wepsol.com>\",\"emailCc\":null,\"emailBcc\":null,\"problemCode\":null,\"pfleetGroup\":\"WeP Solutions Ltd\",\"contactPerson\":\"Avirup Majumdar\",\"pfleetTonerLevel\":null}"}
{"level":"info","message":"Saved -> {\"P_PARSING_FOLDER\":\"PARSED_UNSUCCESS\",\"P_STATUS_CODE\":\"X\",\"P_STATUS_DESC\":\"InvalidTaskType\"}"}
{"level":"info","message":"Moved to PARSED_UNSUCCESS"}
{"level":"info","message":"Connecting to Mail & Getting Message List"}
{"level":"info","message":"Unseen messages from inbox - 0"}
{"level":"info","message":"Connecting to Mail & Getting Message List"}
{"level":"info","message":"Unseen messages from inbox - 0"}
{"level":"info","message":"Started"}
{"level":"info","message":"Connecting to Mail & Getting Message List"}
{"level":"info","message":"Unseen messages from inbox - 1"}
{"level":"info","message":"Send to Oracle -> {\"serialNumber\":\"REF1819148\",\"taskType\":\"Toner\",\"taskSummary\":\"printfleet:tonerlevel:undefined\",\"contactNumber\":\"7073470405\",\"contactEmail\":\"ravi.sharma7@aubank.in\",\"emailSubject\":\"PRINT_FLEET_REQUEST\",\"emailFrom\":\"Hrutik Sunkad - Bangalore- Management Trainee <Hrutik.Sunkad@wepsol.com>\",\"emailTo\":\"Hrutik Sunkad - Bangalore- Management Trainee <Hrutik.Sunkad@wepsol.com>\",\"emailCc\":null,\"emailBcc\":null,\"problemCode\":\"COLOR\",\"pfleetGroup\":null,\"contactPerson\":\"Ravi Sharma\",\"pfleetTonerLevel\":\"Black\"}"}
{"level":"info","message":"Saved -> {\"P_PARSING_FOLDER\":\"PARSED_UNSUCCESS\",\"P_STATUS_CODE\":\"X\",\"P_STATUS_DESC\":\"COLOR TONER REQUEST\"}"}
{"level":"info","message":"Moved to PARSED_UNSUCCESS"}
{"level":"info","message":"Connecting to Mail & Getting Message List"}
{"level":"info","message":"Unseen messages from inbox - 0"}
{"level":"info","message":"Connecting to Mail & Getting Message List"}
{"level":"info","message":"Unseen messages from inbox - 0"}
{"level":"info","message":"Connecting to Mail & Getting Message List"}
{"level":"info","message":"Unseen messages from inbox - 0"}
{"level":"info","message":"Connecting to Mail & Getting Message List"}
{"level":"info","message":"Unseen messages from inbox - 0"}
{"level":"info","message":"Started"}
{"level":"info","message":"Connecting to Mail & Getting Message List"}
{"level":"info","message":"Unseen messages from inbox - 1"}
{"level":"info","message":"Send to Oracle -> {\"serialNumber\":\"V4G6605412\",\"taskType\":\"Support\",\"taskSummary\":\"Machine failure\",\"contactNumber\":\"7002952873\",\"contactEmail\":\"snikdha.baruah@kotak.com<mailto:snikdha.baruah@kotak.com>\",\"emailSubject\":\"Fw: BG1E Printer issue\",\"emailFrom\":\"PNS Call Centre <pns.blrcc@wepsol.com>\",\"emailTo\":\"Hrutik Sunkad - Bangalore- Management Trainee <Hrutik.Sunkad@wepsol.com>\",\"emailCc\":null,\"emailBcc\":null,\"problemCode\":null,\"pfleetGroup\":null,\"contactPerson\":\"SNIKDHA BARUAH\",\"pfleetTonerLevel\":null}"}
{"level":"error"}
{"level":"info","message":"Connecting to Mail & Getting Message List"}
{"level":"info","message":"Unseen messages from inbox - 1"}
{"level":"info","message":"Send to Oracle -> {\"serialNumber\":\"V4G6605412\",\"taskType\":\"Support\",\"taskSummary\":\"Machine failure\",\"contactNumber\":\"7002952873\",\"contactEmail\":\"snikdha.baruah@kotak.com<mailto:snikdha.baruah@kotak.com>\",\"emailSubject\":\"Fw: BG1E Printer issue\",\"emailFrom\":\"PNS Call Centre <pns.blrcc@wepsol.com>\",\"emailTo\":\"Hrutik Sunkad - Bangalore- Management Trainee <Hrutik.Sunkad@wepsol.com>\",\"emailCc\":null,\"emailBcc\":null,\"problemCode\":null,\"pfleetGroup\":null,\"contactPerson\":\"SNIKDHA BARUAH\",\"pfleetTonerLevel\":null}"}
{"level":"info","message":"Saved -> {\"P_PARSING_FOLDER\":\"PARSED_UNSUCCESS\",\"P_STATUS_CODE\":\"X\",\"P_STATUS_DESC\":\"SamedayDuplicateRequest\"}"}
{"level":"info","message":"Moved to PARSED_UNSUCCESS"}
{"level":"info","message":"Connecting to Mail & Getting Message List"}
{"level":"info","message":"Unseen messages from inbox - 0"}
{"level":"info","message":"Connecting to Mail & Getting Message List"}
{"level":"info","message":"Unseen messages from inbox - 0"}
{"level":"info","message":"Connecting to Mail & Getting Message List"}
{"level":"info","message":"Unseen messages from inbox - 0"}
{"level":"info","message":"Connecting to Mail & Getting Message List"}
{"level":"info","message":"Unseen messages from inbox - 0"}
{"level":"info","message":"Connecting to Mail & Getting Message List"}
{"level":"info","message":"Unseen messages from inbox - 0"}
{"level":"info","message":"Connecting to Mail & Getting Message List"}
{"level":"info","message":"Unseen messages from inbox - 0"}
{"level":"info","message":"Connecting to Mail & Getting Message List"}
{"level":"info","message":"Unseen messages from inbox - 0"}
{"level":"info","message":"Connecting to Mail & Getting Message List"}
{"level":"info","message":"Unseen messages from inbox - 0"}
{"level":"info","message":"Connecting to Mail & Getting Message List"}
{"level":"info","message":"Unseen messages from inbox - 0"}
{"level":"info","message":"Connecting to Mail & Getting Message List"}
{"level":"info","message":"Unseen messages from inbox - 0"}
{"level":"info","message":"Connecting to Mail & Getting Message List"}
{"level":"info","message":"Unseen messages from inbox - 0"}
{"level":"info","message":"Connecting to Mail & Getting Message List"}
{"level":"info","message":"Unseen messages from inbox - 0"}
{"level":"info","message":"Connecting to Mail & Getting Message List"}
{"level":"info","message":"Unseen messages from inbox - 0"}
{"level":"info","message":"Connecting to Mail & Getting Message List"}
{"level":"info","message":"Unseen messages from inbox - 0"}
{"level":"info","message":"Connecting to Mail & Getting Message List"}
{"level":"info","message":"Unseen messages from inbox - 0"}
{"level":"info","message":"Connecting to Mail & Getting Message List"}
{"level":"info","message":"Unseen messages from inbox - 0"}
{"level":"info","message":"Connecting to Mail & Getting Message List"}
{"level":"info","message":"Unseen messages from inbox - 0"}
{"level":"info","message":"Connecting to Mail & Getting Message List"}
{"level":"info","message":"Unseen messages from inbox - 0"}
{"level":"info","message":"Connecting to Mail & Getting Message List"}
{"level":"info","message":"Unseen messages from inbox - 0"}
{"level":"info","message":"Connecting to Mail & Getting Message List"}
{"level":"info","message":"Unseen messages from inbox - 0"}
{"level":"info","message":"Connecting to Mail & Getting Message List"}
{"level":"info","message":"Unseen messages from inbox - 0"}
